#
# There is insufficient memory for the Java Runtime Environment to continue.
# Native memory allocation (malloc) failed to allocate 1048576 bytes. Error detail: AllocateHeap
# Possible reasons:
#   The system is out of physical RAM or swap space
#   This process is running with CompressedOops enabled, and the Java Heap may be blocking the growth of the native heap
# Possible solutions:
#   Reduce memory load on the system
#   Increase physical memory or swap space
#   Check if swap backing store is full
#   Decrease Java heap size (-Xmx/-Xms)
#   Decrease number of Java threads
#   Decrease Java thread stack sizes (-Xss)
#   Set larger code cache with -XX:ReservedCodeCacheSize=
#   JVM is running with Unscaled Compressed Oops mode in which the Java heap is
#     placed in the first 4GB address space. The Java Heap base address is the
#     maximum limit for the native heap growth. Please use -XX:HeapBaseMinAddress
#     to set the Java Heap base and to place the Java Heap above 4GB virtual address.
# This output file may be truncated or incomplete.
#
#  Out of Memory Error (allocation.cpp:44), pid=7836, tid=5280
#
# JRE version:  (17.0.11+9) (build )
# Java VM: OpenJDK 64-Bit Server VM (17.0.11+9, mixed mode, tiered, compressed oops, compressed class ptrs, parallel gc, windows-amd64)
# No core dump will be written. Minidumps are not enabled by default on client versions of Windows
#

---------------  S U M M A R Y ------------

Command Line: --add-modules=ALL-SYSTEM --add-opens=java.base/java.util=ALL-UNNAMED --add-opens=java.base/java.lang=ALL-UNNAMED --add-opens=java.base/sun.nio.fs=ALL-UNNAMED -Declipse.application=org.eclipse.jdt.ls.core.id1 -Dosgi.bundles.defaultStartLevel=4 -Declipse.product=org.eclipse.jdt.ls.core.product -Djava.import.generatesMetadataFilesAtProjectRoot=false -DDetectVMInstallationsJob.disabled=true -Dfile.encoding=utf8 -XX:+UseParallelGC -XX:GCTimeRatio=4 -XX:AdaptiveSizePolicyWeight=90 -Dsun.zip.disableMemoryMapping=true -Xmx1G -Xms100m -Xlog:disable -javaagent:c:\Users\Bruno\.vscode\extensions\redhat.java-1.33.0-win32-x64\lombok\lombok-1.18.33.jar -XX:+HeapDumpOnOutOfMemoryError -XX:HeapDumpPath=c:\Users\Bruno\AppData\Roaming\Code\User\workspaceStorage\c5c1a9159463f50fe3f5eb12d6304c8b\redhat.java -Daether.dependencyCollector.impl=bf c:\Users\Bruno\.vscode\extensions\redhat.java-1.33.0-win32-x64\server\plugins\org.eclipse.equinox.launcher_1.6.900.v20240613-2009.jar -configuration c:\Users\Bruno\AppData\Roaming\Code\User\globalStorage\redhat.java\1.33.0\config_win -data c:\Users\Bruno\AppData\Roaming\Code\User\workspaceStorage\c5c1a9159463f50fe3f5eb12d6304c8b\redhat.java\jdt_ws --pipe=\\.\pipe\lsp-f6f87d2253c2bccfc198484338a7fcca-sock

Host: AMD A6-7480 Radeon R5, 8 Compute Cores 2C+6G   , 2 cores, 7G,  Windows 10 , 64 bit Build 19041 (10.0.19041.4597)
Time: Tue Aug 13 12:09:38 2024 Hora oficial do Brasil elapsed time: 0.150187 seconds (0d 0h 0m 0s)

---------------  T H R E A D  ---------------

Current thread (0x000001c54f4325f0):  JavaThread "Unknown thread" [_thread_in_vm, id=5280, stack(0x00000030ec500000,0x00000030ec600000)]

Stack: [0x00000030ec500000,0x00000030ec600000]
Native frames: (J=compiled Java code, j=interpreted, Vv=VM code, C=native code)
V  [jvm.dll+0x67d429]
V  [jvm.dll+0x834b7a]
V  [jvm.dll+0x83663e]
V  [jvm.dll+0x836ca3]
V  [jvm.dll+0x247dbf]
V  [jvm.dll+0xa6cb3]
V  [jvm.dll+0x6aff5a]
V  [jvm.dll+0x6b0c4f]
V  [jvm.dll+0x689b53]
V  [jvm.dll+0x806c4b]
V  [jvm.dll+0x36c5e4]
V  [jvm.dll+0x7e4f56]
V  [jvm.dll+0x3efdcf]
V  [jvm.dll+0x3f1921]
C  [jli.dll+0x528f]
C  [ucrtbase.dll+0x21bb2]
C  [KERNEL32.DLL+0x17374]
C  [ntdll.dll+0x4cc91]


---------------  P R O C E S S  ---------------

Threads class SMR info:
_java_thread_list=0x00007ffe27a9eed8, length=0, elements={
}

Java Threads: ( => current thread )

Other Threads:
  0x000001c54f449d70 GCTaskThread "GC Thread#0" [stack: 0x00000030ec600000,0x00000030ec700000] [id=184]

=>0x000001c54f4325f0 (exited) JavaThread "Unknown thread" [_thread_in_vm, id=5280, stack(0x00000030ec500000,0x00000030ec600000)]

Threads with active compile tasks:

VM state: not at safepoint (normal execution)

VM Mutex/Monitor currently owned by a thread: None

Heap address: 0x00000000c0000000, size: 1024 MB, Compressed Oops mode: 32-bit

CDS archive(s) not mapped
Compressed class space mapped at: 0x0000000100000000-0x0000000140000000, reserved size: 1073741824
Narrow klass base: 0x0000000000000000, Narrow klass shift: 3, Narrow klass range: 0x140000000

GC Precious Log:
 CPUs: 2 total, 2 available
 Memory: 7641M
 Large Page Support: Disabled
 NUMA Support: Disabled
 Compressed Oops: Enabled (32-bit)
 Alignments: Space 512K, Generation 512K, Heap 2M
 Heap Min Capacity: 100M
 Heap Initial Capacity: 100M
 Heap Max Capacity: 1G
 Pre-touch: Disabled
 Parallel Workers: 2

Heap:
 PSYoungGen      total 29696K, used 512K [0x00000000eab00000, 0x00000000ecc00000, 0x0000000100000000)
  eden space 25600K, 2% used [0x00000000eab00000,0x00000000eab80070,0x00000000ec400000)
  from space 4096K, 0% used [0x00000000ec800000,0x00000000ec800000,0x00000000ecc00000)
  to   space 4096K, 0% used [0x00000000ec400000,0x00000000ec400000,0x00000000ec800000)
 ParOldGen       total 68608K, used 0K [0x00000000c0000000, 0x00000000c4300000, 0x00000000eab00000)
  object space 68608K, 0% used [0x00000000c0000000,0x00000000c0000000,0x00000000c4300000)
 Metaspace       used 1149K, committed 1216K, reserved 1114112K
  class space    used 101K, committed 128K, reserved 1048576K

Card table byte_map: [0x000001c54edd0000,0x000001c54efe0000] _byte_map_base: 0x000001c54e7d0000

Marking Bits: (ParMarkBitMap*) 0x00007ffe27b0d820
 Begin Bits: [0x000001c5610d0000, 0x000001c5620d0000)
 End Bits:   [0x000001c5620d0000, 0x000001c5630d0000)

Polling page: 0x000001c54d270000

Metaspace:

Usage:
  Non-class:      1.02 MB used.
      Class:    101.05 KB used.
       Both:      1.12 MB used.

Virtual space:
  Non-class space:       64.00 MB reserved,       1.06 MB (  2%) committed,  1 nodes.
      Class space:        1.00 GB reserved,     128.00 KB ( <1%) committed,  1 nodes.
             Both:        1.06 GB reserved,       1.19 MB ( <1%) committed. 

Chunk freelists:
   Non-Class:  12.00 MB
       Class:  15.75 MB
        Both:  27.75 MB

MaxMetaspaceSize: unlimited
CompressedClassSpaceSize: 1.00 GB
Initial GC threshold: 21.00 MB
Current GC threshold: 17179869184.00 GB
CDS: off
MetaspaceReclaimPolicy: balanced
 - commit_granule_bytes: 65536.
 - commit_granule_words: 8192.
 - virtual_space_node_default_size: 8388608.
 - enlarge_chunks_in_place: 1.
 - new_chunks_are_fully_committed: 0.
 - uncommit_free_chunks: 1.
 - use_allocation_guard: 0.
 - handle_deallocations: 1.


Internal statistics:

num_allocs_failed_limit: 0.
num_arena_births: 2.
num_arena_deaths: 0.
num_vsnodes_births: 2.
num_vsnodes_deaths: 0.
num_space_committed: 19.
num_space_uncommitted: 0.
num_chunks_returned_to_freelist: 0.
num_chunks_taken_from_freelist: 3.
num_chunk_merges: 0.
num_chunk_splits: 2.
num_chunks_enlarged: 0.
num_inconsistent_stats: 0.

CodeHeap 'non-profiled nmethods': size=120064Kb used=0Kb max_used=0Kb free=120064Kb
 bounds [0x000001c559b90000, 0x000001c559e00000, 0x000001c5610d0000]
CodeHeap 'profiled nmethods': size=120000Kb used=0Kb max_used=0Kb free=120000Kb
 bounds [0x000001c5520d0000, 0x000001c552340000, 0x000001c559600000]
CodeHeap 'non-nmethods': size=5696Kb used=201Kb max_used=352Kb free=5494Kb
 bounds [0x000001c559600000, 0x000001c559870000, 0x000001c559b90000]
 total_blobs=65 nmethods=0 adapters=47
 compilation: enabled
              stopped_count=0, restarted_count=0
 full_count=0

Compilation events (0 events):
No events

GC Heap History (0 events):
No events

Dll operation events (1 events):
Event: 0.078 Loaded shared library c:\Users\Bruno\.vscode\extensions\redhat.java-1.33.0-win32-x64\jre\17.0.11-win32-x86_64\bin\java.dll

Deoptimization events (0 events):
No events

Classes unloaded (0 events):
No events

Classes redefined (0 events):
No events

Internal exceptions (0 events):
No events

VM Operations (0 events):
No events

Events (20 events):
Event: 0.133 loading class java/lang/Long
Event: 0.133 loading class java/lang/Long done
Event: 0.133 loading class java/util/Iterator
Event: 0.133 loading class java/util/Iterator done
Event: 0.133 loading class java/lang/reflect/RecordComponent
Event: 0.133 loading class java/lang/reflect/RecordComponent done
Event: 0.133 loading class jdk/internal/vm/vector/VectorSupport
Event: 0.133 loading class jdk/internal/vm/vector/VectorSupport done
Event: 0.133 loading class jdk/internal/vm/vector/VectorSupport$VectorPayload
Event: 0.133 loading class jdk/internal/vm/vector/VectorSupport$VectorPayload done
Event: 0.133 loading class jdk/internal/vm/vector/VectorSupport$Vector
Event: 0.133 loading class jdk/internal/vm/vector/VectorSupport$Vector done
Event: 0.133 loading class jdk/internal/vm/vector/VectorSupport$VectorMask
Event: 0.133 loading class jdk/internal/vm/vector/VectorSupport$VectorMask done
Event: 0.133 loading class jdk/internal/vm/vector/VectorSupport$VectorShuffle
Event: 0.133 loading class jdk/internal/vm/vector/VectorSupport$VectorShuffle done
Event: 0.137 loading class java/lang/NullPointerException
Event: 0.137 loading class java/lang/NullPointerException done
Event: 0.137 loading class java/lang/ArithmeticException
Event: 0.137 loading class java/lang/ArithmeticException done


Dynamic libraries:
0x00007ff7def00000 - 0x00007ff7def0e000 	c:\Users\Bruno\.vscode\extensions\redhat.java-1.33.0-win32-x64\jre\17.0.11-win32-x86_64\bin\java.exe
0x00007ffe74cb0000 - 0x00007ffe74ea8000 	C:\WINDOWS\SYSTEM32\ntdll.dll
0x00007ffe747b0000 - 0x00007ffe74871000 	C:\WINDOWS\System32\KERNEL32.DLL
0x00007ffe723f0000 - 0x00007ffe726e6000 	C:\WINDOWS\System32\KERNELBASE.dll
0x00007ffe72b40000 - 0x00007ffe72c40000 	C:\WINDOWS\System32\ucrtbase.dll
0x00007ffe5cfd0000 - 0x00007ffe5cfe7000 	c:\Users\Bruno\.vscode\extensions\redhat.java-1.33.0-win32-x64\jre\17.0.11-win32-x86_64\bin\jli.dll
0x00007ffe51860000 - 0x00007ffe5187b000 	c:\Users\Bruno\.vscode\extensions\redhat.java-1.33.0-win32-x64\jre\17.0.11-win32-x86_64\bin\VCRUNTIME140.dll
0x00007ffe63200000 - 0x00007ffe6349a000 	C:\WINDOWS\WinSxS\amd64_microsoft.windows.common-controls_6595b64144ccf1df_6.0.19041.4355_none_60b8b9eb71f62e16\COMCTL32.dll
0x00007ffe72ce0000 - 0x00007ffe72d7e000 	C:\WINDOWS\System32\msvcrt.dll
0x00007ffe72eb0000 - 0x00007ffe72edb000 	C:\WINDOWS\System32\GDI32.dll
0x00007ffe72740000 - 0x00007ffe72762000 	C:\WINDOWS\System32\win32u.dll
0x00007ffe72a20000 - 0x00007ffe72b37000 	C:\WINDOWS\System32\gdi32full.dll
0x00007ffe72c40000 - 0x00007ffe72cdd000 	C:\WINDOWS\System32\msvcp_win.dll
0x00007ffe73e40000 - 0x00007ffe73fdf000 	C:\WINDOWS\System32\USER32.dll
0x00007ffe739e0000 - 0x00007ffe73a0f000 	C:\WINDOWS\System32\IMM32.DLL
0x00007ffe6d520000 - 0x00007ffe6d52c000 	c:\Users\Bruno\.vscode\extensions\redhat.java-1.33.0-win32-x64\jre\17.0.11-win32-x86_64\bin\vcruntime140_1.dll
0x00007ffe3bd90000 - 0x00007ffe3be1d000 	c:\Users\Bruno\.vscode\extensions\redhat.java-1.33.0-win32-x64\jre\17.0.11-win32-x86_64\bin\msvcp140.dll
0x00007ffe26f70000 - 0x00007ffe27bd2000 	c:\Users\Bruno\.vscode\extensions\redhat.java-1.33.0-win32-x64\jre\17.0.11-win32-x86_64\bin\server\jvm.dll
0x00007ffe74a90000 - 0x00007ffe74b40000 	C:\WINDOWS\System32\ADVAPI32.dll
0x00007ffe73b20000 - 0x00007ffe73bc0000 	C:\WINDOWS\System32\sechost.dll
0x00007ffe73040000 - 0x00007ffe73163000 	C:\WINDOWS\System32\RPCRT4.dll
0x00007ffe72770000 - 0x00007ffe72797000 	C:\WINDOWS\System32\bcrypt.dll
0x00007ffe721b0000 - 0x00007ffe721fb000 	C:\WINDOWS\SYSTEM32\POWRPROF.dll
0x00007ffe4e110000 - 0x00007ffe4e119000 	C:\WINDOWS\SYSTEM32\WSOCK32.dll
0x00007ffe73dd0000 - 0x00007ffe73e3b000 	C:\WINDOWS\System32\WS2_32.dll
0x00007ffe67c60000 - 0x00007ffe67c87000 	C:\WINDOWS\SYSTEM32\WINMM.dll
0x00007ffe6bdb0000 - 0x00007ffe6bdba000 	C:\WINDOWS\SYSTEM32\VERSION.dll
0x00007ffe72190000 - 0x00007ffe721a2000 	C:\WINDOWS\SYSTEM32\UMPDC.dll
0x00007ffe70cd0000 - 0x00007ffe70ce2000 	C:\WINDOWS\SYSTEM32\kernel.appcore.dll
0x00007ffe63fb0000 - 0x00007ffe63fba000 	c:\Users\Bruno\.vscode\extensions\redhat.java-1.33.0-win32-x64\jre\17.0.11-win32-x86_64\bin\jimage.dll
0x00007ffe5ead0000 - 0x00007ffe5ecb4000 	C:\WINDOWS\SYSTEM32\DBGHELP.DLL
0x00007ffe5ea90000 - 0x00007ffe5eac4000 	C:\WINDOWS\SYSTEM32\dbgcore.DLL
0x00007ffe72360000 - 0x00007ffe723e2000 	C:\WINDOWS\System32\bcryptPrimitives.dll
0x00007ffe51710000 - 0x00007ffe5171e000 	c:\Users\Bruno\.vscode\extensions\redhat.java-1.33.0-win32-x64\jre\17.0.11-win32-x86_64\bin\instrument.dll
0x00007ffe4a160000 - 0x00007ffe4a185000 	c:\Users\Bruno\.vscode\extensions\redhat.java-1.33.0-win32-x64\jre\17.0.11-win32-x86_64\bin\java.dll
0x00007ffe4e120000 - 0x00007ffe4e138000 	c:\Users\Bruno\.vscode\extensions\redhat.java-1.33.0-win32-x64\jre\17.0.11-win32-x86_64\bin\zip.dll

dbghelp: loaded successfully - version: 4.0.5 - missing functions: none
symbol engine: initialized successfully - sym options: 0x614 - pdb path: .;c:\Users\Bruno\.vscode\extensions\redhat.java-1.33.0-win32-x64\jre\17.0.11-win32-x86_64\bin;C:\WINDOWS\SYSTEM32;C:\WINDOWS\WinSxS\amd64_microsoft.windows.common-controls_6595b64144ccf1df_6.0.19041.4355_none_60b8b9eb71f62e16;c:\Users\Bruno\.vscode\extensions\redhat.java-1.33.0-win32-x64\jre\17.0.11-win32-x86_64\bin\server

VM Arguments:
jvm_args: --add-modules=ALL-SYSTEM --add-opens=java.base/java.util=ALL-UNNAMED --add-opens=java.base/java.lang=ALL-UNNAMED --add-opens=java.base/sun.nio.fs=ALL-UNNAMED -Declipse.application=org.eclipse.jdt.ls.core.id1 -Dosgi.bundles.defaultStartLevel=4 -Declipse.product=org.eclipse.jdt.ls.core.product -Djava.import.generatesMetadataFilesAtProjectRoot=false -DDetectVMInstallationsJob.disabled=true -Dfile.encoding=utf8 -XX:+UseParallelGC -XX:GCTimeRatio=4 -XX:AdaptiveSizePolicyWeight=90 -Dsun.zip.disableMemoryMapping=true -Xmx1G -Xms100m -Xlog:disable -javaagent:c:\Users\Bruno\.vscode\extensions\redhat.java-1.33.0-win32-x64\lombok\lombok-1.18.33.jar -XX:+HeapDumpOnOutOfMemoryError -XX:HeapDumpPath=c:\Users\Bruno\AppData\Roaming\Code\User\workspaceStorage\c5c1a9159463f50fe3f5eb12d6304c8b\redhat.java -Daether.dependencyCollector.impl=bf 
java_command: c:\Users\Bruno\.vscode\extensions\redhat.java-1.33.0-win32-x64\server\plugins\org.eclipse.equinox.launcher_1.6.900.v20240613-2009.jar -configuration c:\Users\Bruno\AppData\Roaming\Code\User\globalStorage\redhat.java\1.33.0\config_win -data c:\Users\Bruno\AppData\Roaming\Code\User\workspaceStorage\c5c1a9159463f50fe3f5eb12d6304c8b\redhat.java\jdt_ws --pipe=\\.\pipe\lsp-f6f87d2253c2bccfc198484338a7fcca-sock
java_class_path (initial): c:\Users\Bruno\.vscode\extensions\redhat.java-1.33.0-win32-x64\server\plugins\org.eclipse.equinox.launcher_1.6.900.v20240613-2009.jar
Launcher Type: SUN_STANDARD

[Global flags]
    uintx AdaptiveSizePolicyWeight                 = 90                                        {product} {command line}
     intx CICompilerCount                          = 2                                         {product} {ergonomic}
    uintx GCTimeRatio                              = 4                                         {product} {command line}
     bool HeapDumpOnOutOfMemoryError               = true                                   {manageable} {command line}
    ccstr HeapDumpPath                             = c:\Users\Bruno\AppData\Roaming\Code\User\workspaceStorage\c5c1a9159463f50fe3f5eb12d6304c8b\redhat.java         {manageable} {command line}
   size_t InitialHeapSize                          = 104857600                                 {product} {command line}
   size_t MaxHeapSize                              = 1073741824                                {product} {command line}
   size_t MaxNewSize                               = 357564416                                 {product} {ergonomic}
   size_t MinHeapDeltaBytes                        = 524288                                    {product} {ergonomic}
   size_t MinHeapSize                              = 104857600                                 {product} {command line}
   size_t NewSize                                  = 34603008                                  {product} {ergonomic}
    uintx NonNMethodCodeHeapSize                   = 5826188                                {pd product} {ergonomic}
    uintx NonProfiledCodeHeapSize                  = 122916026                              {pd product} {ergonomic}
   size_t OldSize                                  = 70254592                                  {product} {ergonomic}
    uintx ProfiledCodeHeapSize                     = 122916026                              {pd product} {ergonomic}
    uintx ReservedCodeCacheSize                    = 251658240                              {pd product} {ergonomic}
     bool SegmentedCodeCache                       = true                                      {product} {ergonomic}
   size_t SoftMaxHeapSize                          = 1073741824                             {manageable} {ergonomic}
     bool UseCompressedClassPointers               = true                           {product lp64_product} {ergonomic}
     bool UseCompressedOops                        = true                           {product lp64_product} {ergonomic}
     bool UseLargePagesIndividualAllocation        = false                                  {pd product} {ergonomic}
     bool UseParallelGC                            = true                                      {product} {command line}

Logging:
Log output configuration:
 #0: stdout all=off uptime,level,tags
 #1: stderr all=off uptime,level,tags

Environment Variables:
JAVA_HOME=D:\Programas\Java\jdk-17
PATH=D:\Programas\Java\jdk-17\bin;C:\Program Files\Common Files\Oracle\Java\javapath;C:\Program Files\Eclipse Adoptium\jre-8.0.372.7-hotspot\bin;C:\Program Files\Eclipse Adoptium\jdk-11.0.19.7-hotspot\bin;C:\Program Files (x86)\NVIDIA Corporation\PhysX\Common;C:\Program Files\AdoptOpenJDK\jre-11.0.10.9-hotspot\bin;C:\Program Files (x86)\AdoptOpenJDK\jre-8.0.282.8-hotspot\bin;C:\WINDOWS\system32;C:\WINDOWS;C:\WINDOWS\System32\Wbem;C:\WINDOWS\System32\WindowsPowerShell\v1.0\;C:\WINDOWS\System32\OpenSSH\;C:\Program Files\Microsoft SQL Server\120\Tools\Binn\;C:\Program Files (x86)\Windows Kits\8.1\Windows Performance Toolkit\;C:\Program Files\Common Files\Autodesk Shared\;C:\Program Files\Microsoft SQL Server\Client SDK\ODBC\110\Tools\Binn\;C:\Program Files (x86)\Microsoft SQL Server\120\Tools\Binn\;C:\Program Files\Microsoft SQL Server\120\DTS\Binn\;C:\Program Files\dotnet\;D:\Git\cmd;D:\Programas\;D:\Programas\Java\jdk-17\bin;C:\Users\Bruno\AppData\Local\Programs\Python\Python39\Scripts\;C:\Users\Bruno\AppData\Local\Programs\Python\Python39\;C:\Users\Bruno\AppData\Local\Microsoft\WindowsApps;D:\Programas\Microsoft VS Code\bin;C:\Users\Bruno\.dotnet\tools;C:\Users\Bruno\AppData\Roaming\npm
USERNAME=Bruno
OS=Windows_NT
PROCESSOR_IDENTIFIER=AMD64 Family 21 Model 96 Stepping 1, AuthenticAMD
TMP=C:\Users\Bruno\AppData\Local\Temp
TEMP=C:\Users\Bruno\AppData\Local\Temp



Periodic native trim disabled


---------------  S Y S T E M  ---------------

OS:
 Windows 10 , 64 bit Build 19041 (10.0.19041.4597)
OS uptime: 0 days 5:14 hours

CPU: total 2 (initial active 2) (2 cores per cpu, 1 threads per core) family 21 model 96 stepping 1 microcode 0x0, cx8, cmov, fxsr, mmx, 3dnowpref, sse, sse2, sse3, ssse3, sse4a, sse4.1, sse4.2, popcnt, lzcnt, tsc, tscinvbit, avx, avx2, aes, clmul, bmi1, bmi2, fma, vzeroupper, clflush
Processor Information for all 2 processors :
  Max Mhz: 3500, Current Mhz: 3500, Mhz Limit: 3500

Memory: 4k page, system-wide physical 7641M (1664M free)
TotalPageFile size 7641M (AvailPageFile size 2M)
current process WorkingSet (physical memory assigned to process): 15M, peak: 15M
current process commit charge ("private bytes"): 148M, peak: 149M

vm_info: OpenJDK 64-Bit Server VM (17.0.11+9) for windows-amd64 JRE (17.0.11+9), built on Apr 17 2024 06:07:48 by "admin" with MS VC++ 16.10 / 16.11 (VS2019)

END.
