#
# There is insufficient memory for the Java Runtime Environment to continue.
# Native memory allocation (malloc) failed to allocate 1492976 bytes. Error detail: Chunk::new
# Possible reasons:
#   The system is out of physical RAM or swap space
#   This process is running with CompressedOops enabled, and the Java Heap may be blocking the growth of the native heap
# Possible solutions:
#   Reduce memory load on the system
#   Increase physical memory or swap space
#   Check if swap backing store is full
#   Decrease Java heap size (-Xmx/-Xms)
#   Decrease number of Java threads
#   Decrease Java thread stack sizes (-Xss)
#   Set larger code cache with -XX:ReservedCodeCacheSize=
#   JVM is running with Unscaled Compressed Oops mode in which the Java heap is
#     placed in the first 4GB address space. The Java Heap base address is the
#     maximum limit for the native heap growth. Please use -XX:HeapBaseMinAddress
#     to set the Java Heap base and to place the Java Heap above 4GB virtual address.
# This output file may be truncated or incomplete.
#
#  Out of Memory Error (arena.cpp:191), pid=404, tid=9304
#
# JRE version: OpenJDK Runtime Environment Temurin-17.0.11+9 (17.0.11+9) (build 17.0.11+9)
# Java VM: OpenJDK 64-Bit Server VM Temurin-17.0.11+9 (17.0.11+9, mixed mode, tiered, compressed oops, compressed class ptrs, parallel gc, windows-amd64)
# No core dump will be written. Minidumps are not enabled by default on client versions of Windows
#

---------------  S U M M A R Y ------------

Command Line: --add-modules=ALL-SYSTEM --add-opens=java.base/java.util=ALL-UNNAMED --add-opens=java.base/java.lang=ALL-UNNAMED --add-opens=java.base/sun.nio.fs=ALL-UNNAMED -Declipse.application=org.eclipse.jdt.ls.core.id1 -Dosgi.bundles.defaultStartLevel=4 -Declipse.product=org.eclipse.jdt.ls.core.product -Djava.import.generatesMetadataFilesAtProjectRoot=false -DDetectVMInstallationsJob.disabled=true -Dfile.encoding=utf8 -XX:+UseParallelGC -XX:GCTimeRatio=4 -XX:AdaptiveSizePolicyWeight=90 -Dsun.zip.disableMemoryMapping=true -Xmx1G -Xms100m -Xlog:disable -javaagent:c:\Users\Bruno\.vscode\extensions\redhat.java-1.33.0-win32-x64\lombok\lombok-1.18.33.jar c:\Users\Bruno\.vscode\extensions\redhat.java-1.33.0-win32-x64\server\plugins\org.eclipse.equinox.launcher_1.6.900.v20240613-2009.jar -configuration c:\Users\Bruno\AppData\Roaming\Code\User\globalStorage\redhat.java\1.33.0\config_ss_win -data c:\Users\Bruno\AppData\Roaming\Code\User\workspaceStorage\c5c1a9159463f50fe3f5eb12d6304c8b\redhat.java\ss_ws --pipe=\\.\pipe\lsp-9fed540f17854223b2225b04fe96f026-sock

Host: AMD A6-7480 Radeon R5, 8 Compute Cores 2C+6G   , 2 cores, 7G,  Windows 10 , 64 bit Build 19041 (10.0.19041.4597)
Time: Tue Aug 13 13:53:33 2024 Hora oficial do Brasil elapsed time: 25.212532 seconds (0d 0h 0m 25s)

---------------  T H R E A D  ---------------

Current thread (0x000001ab1b67a010):  JavaThread "C2 CompilerThread0" daemon [_thread_in_native, id=9304, stack(0x0000007a3d900000,0x0000007a3da00000)]


Current CompileTask:
C2:  25212 3772 %     4       org.lombokweb.asm.SymbolTable::<init> @ 98 (536 bytes)

Stack: [0x0000007a3d900000,0x0000007a3da00000]
Native frames: (J=compiled Java code, j=interpreted, Vv=VM code, C=native code)
V  [jvm.dll+0x67d429]
V  [jvm.dll+0x834b7a]
V  [jvm.dll+0x83663e]
V  [jvm.dll+0x836ca3]
V  [jvm.dll+0x247dbf]
V  [jvm.dll+0xac534]
V  [jvm.dll+0xacb7c]
V  [jvm.dll+0x3665f2]
V  [jvm.dll+0x330bba]
V  [jvm.dll+0x33005a]
V  [jvm.dll+0x21a471]
V  [jvm.dll+0x2198b1]
V  [jvm.dll+0x1a534d]
V  [jvm.dll+0x2295cd]
V  [jvm.dll+0x22779c]
V  [jvm.dll+0x7e9d07]
V  [jvm.dll+0x7e410a]
V  [jvm.dll+0x67c315]
C  [ucrtbase.dll+0x21bb2]
C  [KERNEL32.DLL+0x17374]
C  [ntdll.dll+0x4cc91]


---------------  P R O C E S S  ---------------

Threads class SMR info:
_java_thread_list=0x000001ab22b7d770, length=35, elements={
0x000001ab07844dd0, 0x000001ab078fe660, 0x000001ab1b63e270, 0x000001ab1b64aef0,
0x000001ab1b64bd70, 0x000001ab1b64caf0, 0x000001ab1b64e4c0, 0x000001ab1b67a010,
0x000001ab1b6dd420, 0x000001ab1b6de5d0, 0x000001ab078a6a50, 0x000001ab2048de10,
0x000001ab2098ec30, 0x000001ab20cc5010, 0x000001ab209ec8c0, 0x000001ab20cc5910,
0x000001ab20511930, 0x000001ab20512d70, 0x000001ab20513280, 0x000001ab20511420,
0x000001ab20514bd0, 0x000001ab20513ca0, 0x000001ab20511e40, 0x000001ab20512350,
0x000001ab205141b0, 0x000001ab205146c0, 0x000001ab206660f0, 0x000001ab20664cb0,
0x000001ab20663870, 0x000001ab20661500, 0x000001ab20662430, 0x000001ab20662940,
0x000001ab206605d0, 0x000001ab20664290, 0x000001ab20667530
}

Java Threads: ( => current thread )
  0x000001ab07844dd0 JavaThread "main" [_thread_blocked, id=2240, stack(0x0000007a3d000000,0x0000007a3d100000)]
  0x000001ab078fe660 JavaThread "Reference Handler" daemon [_thread_blocked, id=5796, stack(0x0000007a3d300000,0x0000007a3d400000)]
  0x000001ab1b63e270 JavaThread "Finalizer" daemon [_thread_blocked, id=868, stack(0x0000007a3d400000,0x0000007a3d500000)]
  0x000001ab1b64aef0 JavaThread "Signal Dispatcher" daemon [_thread_blocked, id=1192, stack(0x0000007a3d500000,0x0000007a3d600000)]
  0x000001ab1b64bd70 JavaThread "Attach Listener" daemon [_thread_blocked, id=6804, stack(0x0000007a3d600000,0x0000007a3d700000)]
  0x000001ab1b64caf0 JavaThread "Service Thread" daemon [_thread_blocked, id=6388, stack(0x0000007a3d700000,0x0000007a3d800000)]
  0x000001ab1b64e4c0 JavaThread "Monitor Deflation Thread" daemon [_thread_blocked, id=1312, stack(0x0000007a3d800000,0x0000007a3d900000)]
=>0x000001ab1b67a010 JavaThread "C2 CompilerThread0" daemon [_thread_in_native, id=9304, stack(0x0000007a3d900000,0x0000007a3da00000)]
  0x000001ab1b6dd420 JavaThread "C1 CompilerThread0" daemon [_thread_blocked, id=3584, stack(0x0000007a3da00000,0x0000007a3db00000)]
  0x000001ab1b6de5d0 JavaThread "Sweeper thread" daemon [_thread_blocked, id=9780, stack(0x0000007a3db00000,0x0000007a3dc00000)]
  0x000001ab078a6a50 JavaThread "Common-Cleaner" daemon [_thread_blocked, id=3028, stack(0x0000007a3dc00000,0x0000007a3dd00000)]
  0x000001ab2048de10 JavaThread "Notification Thread" daemon [_thread_blocked, id=6364, stack(0x0000007a3dd00000,0x0000007a3de00000)]
  0x000001ab2098ec30 JavaThread "Active Thread: Equinox Container: 7a1f9763-7b30-4697-a585-b6f93aee414a" [_thread_blocked, id=5944, stack(0x0000007a3e000000,0x0000007a3e100000)]
  0x000001ab20cc5010 JavaThread "Framework Event Dispatcher: Equinox Container: 7a1f9763-7b30-4697-a585-b6f93aee414a" daemon [_thread_blocked, id=1152, stack(0x0000007a3e100000,0x0000007a3e200000)]
  0x000001ab209ec8c0 JavaThread "Start Level: Equinox Container: 7a1f9763-7b30-4697-a585-b6f93aee414a" daemon [_thread_blocked, id=2548, stack(0x0000007a3e200000,0x0000007a3e300000)]
  0x000001ab20cc5910 JavaThread "SCR Component Actor" daemon [_thread_blocked, id=5684, stack(0x0000007a3e300000,0x0000007a3e400000)]
  0x000001ab20511930 JavaThread "Worker-JM" [_thread_blocked, id=2380, stack(0x0000007a3e500000,0x0000007a3e600000)]
  0x000001ab20512d70 JavaThread "Worker-0" [_thread_blocked, id=9032, stack(0x0000007a3e600000,0x0000007a3e700000)]
  0x000001ab20513280 JavaThread "Worker-1" [_thread_blocked, id=9852, stack(0x0000007a3e700000,0x0000007a3e800000)]
  0x000001ab20511420 JavaThread "JNA Cleaner" daemon [_thread_blocked, id=9096, stack(0x0000007a3e800000,0x0000007a3e900000)]
  0x000001ab20514bd0 JavaThread "Thread-2" daemon [_thread_in_native, id=2652, stack(0x0000007a3e400000,0x0000007a3e500000)]
  0x000001ab20513ca0 JavaThread "Thread-3" daemon [_thread_in_native, id=1968, stack(0x0000007a3eb00000,0x0000007a3ec00000)]
  0x000001ab20511e40 JavaThread "Thread-4" daemon [_thread_in_native, id=2780, stack(0x0000007a3ec00000,0x0000007a3ed00000)]
  0x000001ab20512350 JavaThread "pool-2-thread-1" [_thread_blocked, id=9916, stack(0x0000007a3ed00000,0x0000007a3ee00000)]
  0x000001ab205141b0 JavaThread "WorkspaceEventsHandler" [_thread_blocked, id=8440, stack(0x0000007a3ee00000,0x0000007a3ef00000)]
  0x000001ab205146c0 JavaThread "pool-1-thread-1" [_thread_blocked, id=8752, stack(0x0000007a3ef00000,0x0000007a3f000000)]
  0x000001ab206660f0 JavaThread "Thread-5" [_thread_blocked, id=6608, stack(0x0000007a3f000000,0x0000007a3f100000)]
  0x000001ab20664cb0 JavaThread "Thread-6" [_thread_blocked, id=9324, stack(0x0000007a3f100000,0x0000007a3f200000)]
  0x000001ab20663870 JavaThread "Thread-7" [_thread_in_native, id=3000, stack(0x0000007a3f200000,0x0000007a3f300000)]
  0x000001ab20661500 JavaThread "Thread-8" [_thread_blocked, id=1576, stack(0x0000007a3f300000,0x0000007a3f400000)]
  0x000001ab20662430 JavaThread "Thread-9" [_thread_blocked, id=6400, stack(0x0000007a3f400000,0x0000007a3f500000)]
  0x000001ab20662940 JavaThread "Thread-10" [_thread_in_vm, id=5068, stack(0x0000007a3f500000,0x0000007a3f600000)]
  0x000001ab206605d0 JavaThread "Thread-11" [_thread_blocked, id=1440, stack(0x0000007a3f600000,0x0000007a3f700000)]
  0x000001ab20664290 JavaThread "Thread-12" [_thread_blocked, id=7776, stack(0x0000007a3f700000,0x0000007a3f800000)]
  0x000001ab20667530 JavaThread "Worker-2" [_thread_blocked, id=3176, stack(0x0000007a3f800000,0x0000007a3f900000)]

Other Threads:
  0x000001ab078c9f10 VMThread "VM Thread" [stack: 0x0000007a3d200000,0x0000007a3d300000] [id=5628]
  0x000001ab2040a410 WatcherThread [stack: 0x0000007a3de00000,0x0000007a3df00000] [id=696]
  0x000001ab0785a140 GCTaskThread "GC Thread#0" [stack: 0x0000007a3d100000,0x0000007a3d200000] [id=1836]
  0x000001ab2075e300 GCTaskThread "GC Thread#1" [stack: 0x0000007a3df00000,0x0000007a3e000000] [id=3952]

Threads with active compile tasks:
C2 CompilerThread0    25250 3772 %     4       org.lombokweb.asm.SymbolTable::<init> @ 98 (536 bytes)

VM state: not at safepoint (normal execution)

VM Mutex/Monitor currently owned by a thread: None

Heap address: 0x00000000c0000000, size: 1024 MB, Compressed Oops mode: 32-bit

CDS archive(s) not mapped
Compressed class space mapped at: 0x0000000100000000-0x0000000140000000, reserved size: 1073741824
Narrow klass base: 0x0000000000000000, Narrow klass shift: 3, Narrow klass range: 0x140000000

GC Precious Log:
 CPUs: 2 total, 2 available
 Memory: 7641M
 Large Page Support: Disabled
 NUMA Support: Disabled
 Compressed Oops: Enabled (32-bit)
 Alignments: Space 512K, Generation 512K, Heap 2M
 Heap Min Capacity: 100M
 Heap Initial Capacity: 100M
 Heap Max Capacity: 1G
 Pre-touch: Disabled
 Parallel Workers: 2

Heap:
 PSYoungGen      total 23552K, used 16863K [0x00000000eab00000, 0x00000000ec880000, 0x0000000100000000)
  eden space 22016K, 69% used [0x00000000eab00000,0x00000000eb9fad68,0x00000000ec080000)
  from space 1536K, 99% used [0x00000000ec480000,0x00000000ec5fd158,0x00000000ec600000)
  to   space 4096K, 0% used [0x00000000ec080000,0x00000000ec080000,0x00000000ec480000)
 ParOldGen       total 68608K, used 15409K [0x00000000c0000000, 0x00000000c4300000, 0x00000000eab00000)
  object space 68608K, 22% used [0x00000000c0000000,0x00000000c0f0c538,0x00000000c4300000)
 Metaspace       used 42447K, committed 43200K, reserved 1114112K
  class space    used 4315K, committed 4672K, reserved 1048576K

Card table byte_map: [0x000001ab07210000,0x000001ab07420000] _byte_map_base: 0x000001ab06c10000

Marking Bits: (ParMarkBitMap*) 0x00007ffe293dd820
 Begin Bits: [0x000001ab194e0000, 0x000001ab1a4e0000)
 End Bits:   [0x000001ab1a4e0000, 0x000001ab1b4e0000)

Polling page: 0x000001ab07000000

Metaspace:

Usage:
  Non-class:     37.24 MB used.
      Class:      4.21 MB used.
       Both:     41.45 MB used.

Virtual space:
  Non-class space:       64.00 MB reserved,      37.62 MB ( 59%) committed,  1 nodes.
      Class space:        1.00 GB reserved,       4.56 MB ( <1%) committed,  1 nodes.
             Both:        1.06 GB reserved,      42.19 MB (  4%) committed. 

Chunk freelists:
   Non-Class:  10.33 MB
       Class:  11.31 MB
        Both:  21.64 MB

MaxMetaspaceSize: unlimited
CompressedClassSpaceSize: 1.00 GB
Initial GC threshold: 21.00 MB
Current GC threshold: 58.38 MB
CDS: off
MetaspaceReclaimPolicy: balanced
 - commit_granule_bytes: 65536.
 - commit_granule_words: 8192.
 - virtual_space_node_default_size: 8388608.
 - enlarge_chunks_in_place: 1.
 - new_chunks_are_fully_committed: 0.
 - uncommit_free_chunks: 1.
 - use_allocation_guard: 0.
 - handle_deallocations: 1.


Internal statistics:

num_allocs_failed_limit: 6.
num_arena_births: 400.
num_arena_deaths: 14.
num_vsnodes_births: 2.
num_vsnodes_deaths: 0.
num_space_committed: 675.
num_space_uncommitted: 0.
num_chunks_returned_to_freelist: 20.
num_chunks_taken_from_freelist: 1777.
num_chunk_merges: 11.
num_chunk_splits: 1166.
num_chunks_enlarged: 778.
num_inconsistent_stats: 0.

CodeHeap 'non-profiled nmethods': size=120064Kb used=1723Kb max_used=1723Kb free=118340Kb
 bounds [0x000001ab11fa0000, 0x000001ab12210000, 0x000001ab194e0000]
CodeHeap 'profiled nmethods': size=120000Kb used=8541Kb max_used=8541Kb free=111459Kb
 bounds [0x000001ab0a4e0000, 0x000001ab0ad40000, 0x000001ab11a10000]
CodeHeap 'non-nmethods': size=5696Kb used=1318Kb max_used=1357Kb free=4377Kb
 bounds [0x000001ab11a10000, 0x000001ab11c80000, 0x000001ab11fa0000]
 total_blobs=4456 nmethods=3801 adapters=570
 compilation: enabled
              stopped_count=0, restarted_count=0
 full_count=0

Compilation events (20 events):
Event: 25.119 Thread 0x000001ab1b6dd420 3794       3       lombok.patcher.MethodTarget::descriptorMatch (119 bytes)
Event: 25.120 Thread 0x000001ab1b6dd420 nmethod 3794 0x000001ab0ad0ec90 code [0x000001ab0ad0ef40, 0x000001ab0ad0fd38]
Event: 25.120 Thread 0x000001ab1b6dd420 3795       3       java.util.regex.IntHashSet::add (111 bytes)
Event: 25.120 Thread 0x000001ab1b6dd420 nmethod 3795 0x000001ab0ad10010 code [0x000001ab0ad101e0, 0x000001ab0ad10568]
Event: 25.130 Thread 0x000001ab1b6dd420 3796       3       org.lombokweb.asm.SymbolTable::addConstantMethodHandle (41 bytes)
Event: 25.130 Thread 0x000001ab1b6dd420 nmethod 3796 0x000001ab0ad10790 code [0x000001ab0ad10980, 0x000001ab0ad10d28]
Event: 25.133 Thread 0x000001ab1b6dd420 3797       3       java.util.regex.Pattern$Loop::matchInit (156 bytes)
Event: 25.134 Thread 0x000001ab1b6dd420 nmethod 3797 0x000001ab0ad11010 code [0x000001ab0ad11240, 0x000001ab0ad11b28]
Event: 25.135 Thread 0x000001ab1b6dd420 3798       3       lombok.patcher.scripts.WrapReturnValuesScript$WrapReturnValues::visitInsn (283 bytes)
Event: 25.137 Thread 0x000001ab1b6dd420 nmethod 3798 0x000001ab0ad11e90 code [0x000001ab0ad12280, 0x000001ab0ad13e98]
Event: 25.139 Thread 0x000001ab1b6dd420 3799       3       java.util.Arrays$ArrayList::iterator (12 bytes)
Event: 25.139 Thread 0x000001ab1b6dd420 nmethod 3799 0x000001ab0ad14890 code [0x000001ab0ad14a40, 0x000001ab0ad14c78]
Event: 25.141 Thread 0x000001ab1b6dd420 3800       3       lombok.patcher.Hook::getMethodDescriptor (80 bytes)
Event: 25.141 Thread 0x000001ab1b6dd420 nmethod 3800 0x000001ab0ad14d90 code [0x000001ab0ad15040, 0x000001ab0ad15b18]
Event: 25.145 Thread 0x000001ab1b6dd420 3802       2       org.lombokweb.asm.ClassReader::readMethod (1066 bytes)
Event: 25.149 Thread 0x000001ab1b6dd420 nmethod 3802 0x000001ab0ad15e90 code [0x000001ab0ad16400, 0x000001ab0ad189c8]
Event: 25.150 Thread 0x000001ab1b6dd420 3803       3       org.lombokweb.asm.ClassReader::readCode (5117 bytes)
Event: 25.176 Thread 0x000001ab1b6dd420 nmethod 3803 0x000001ab0ad1a110 code [0x000001ab0ad1b560, 0x000001ab0ad2c5a8]
Event: 25.178 Thread 0x000001ab1b6dd420 3804       1       org.eclipse.core.internal.jobs.InternalJob::getStartTime (5 bytes)
Event: 25.178 Thread 0x000001ab1b6dd420 nmethod 3804 0x000001ab1214eb90 code [0x000001ab1214ed20, 0x000001ab1214edf8]

GC Heap History (20 events):
Event: 15.569 GC heap before
{Heap before GC invocations=5 (full 1):
 PSYoungGen      total 29696K, used 4080K [0x00000000eab00000, 0x00000000ecc00000, 0x0000000100000000)
  eden space 25600K, 0% used [0x00000000eab00000,0x00000000eab00000,0x00000000ec400000)
  from space 4096K, 99% used [0x00000000ec800000,0x00000000ecbfc338,0x00000000ecc00000)
  to   space 4096K, 0% used [0x00000000ec400000,0x00000000ec400000,0x00000000ec800000)
 ParOldGen       total 68608K, used 2902K [0x00000000c0000000, 0x00000000c4300000, 0x00000000eab00000)
  object space 68608K, 4% used [0x00000000c0000000,0x00000000c02d5970,0x00000000c4300000)
 Metaspace       used 21038K, committed 21504K, reserved 1114112K
  class space    used 2159K, committed 2368K, reserved 1048576K
}
Event: 15.609 GC heap after
{Heap after GC invocations=5 (full 1):
 PSYoungGen      total 29696K, used 0K [0x00000000eab00000, 0x00000000ecc00000, 0x0000000100000000)
  eden space 25600K, 0% used [0x00000000eab00000,0x00000000eab00000,0x00000000ec400000)
  from space 4096K, 0% used [0x00000000ec800000,0x00000000ec800000,0x00000000ecc00000)
  to   space 4096K, 0% used [0x00000000ec400000,0x00000000ec400000,0x00000000ec800000)
 ParOldGen       total 68608K, used 6869K [0x00000000c0000000, 0x00000000c4300000, 0x00000000eab00000)
  object space 68608K, 10% used [0x00000000c0000000,0x00000000c06b57c8,0x00000000c4300000)
 Metaspace       used 21025K, committed 21504K, reserved 1114112K
  class space    used 2156K, committed 2368K, reserved 1048576K
}
Event: 16.166 GC heap before
{Heap before GC invocations=6 (full 1):
 PSYoungGen      total 29696K, used 25565K [0x00000000eab00000, 0x00000000ecc00000, 0x0000000100000000)
  eden space 25600K, 99% used [0x00000000eab00000,0x00000000ec3f76b8,0x00000000ec400000)
  from space 4096K, 0% used [0x00000000ec800000,0x00000000ec800000,0x00000000ecc00000)
  to   space 4096K, 0% used [0x00000000ec400000,0x00000000ec400000,0x00000000ec800000)
 ParOldGen       total 68608K, used 6869K [0x00000000c0000000, 0x00000000c4300000, 0x00000000eab00000)
  object space 68608K, 10% used [0x00000000c0000000,0x00000000c06b57c8,0x00000000c4300000)
 Metaspace       used 24122K, committed 24640K, reserved 1114112K
  class space    used 2361K, committed 2560K, reserved 1048576K
}
Event: 16.168 GC heap after
{Heap after GC invocations=6 (full 1):
 PSYoungGen      total 26112K, used 692K [0x00000000eab00000, 0x00000000ec880000, 0x0000000100000000)
  eden space 25088K, 0% used [0x00000000eab00000,0x00000000eab00000,0x00000000ec380000)
  from space 1024K, 67% used [0x00000000ec400000,0x00000000ec4ad1d8,0x00000000ec500000)
  to   space 2560K, 0% used [0x00000000ec600000,0x00000000ec600000,0x00000000ec880000)
 ParOldGen       total 68608K, used 6869K [0x00000000c0000000, 0x00000000c4300000, 0x00000000eab00000)
  object space 68608K, 10% used [0x00000000c0000000,0x00000000c06b57c8,0x00000000c4300000)
 Metaspace       used 24122K, committed 24640K, reserved 1114112K
  class space    used 2361K, committed 2560K, reserved 1048576K
}
Event: 17.080 GC heap before
{Heap before GC invocations=7 (full 1):
 PSYoungGen      total 26112K, used 25780K [0x00000000eab00000, 0x00000000ec880000, 0x0000000100000000)
  eden space 25088K, 100% used [0x00000000eab00000,0x00000000ec380000,0x00000000ec380000)
  from space 1024K, 67% used [0x00000000ec400000,0x00000000ec4ad1d8,0x00000000ec500000)
  to   space 2560K, 0% used [0x00000000ec600000,0x00000000ec600000,0x00000000ec880000)
 ParOldGen       total 68608K, used 6869K [0x00000000c0000000, 0x00000000c4300000, 0x00000000eab00000)
  object space 68608K, 10% used [0x00000000c0000000,0x00000000c06b57c8,0x00000000c4300000)
 Metaspace       used 26747K, committed 27200K, reserved 1114112K
  class space    used 2575K, committed 2752K, reserved 1048576K
}
Event: 17.083 GC heap after
{Heap after GC invocations=7 (full 1):
 PSYoungGen      total 27136K, used 2406K [0x00000000eab00000, 0x00000000ec900000, 0x0000000100000000)
  eden space 24576K, 0% used [0x00000000eab00000,0x00000000eab00000,0x00000000ec300000)
  from space 2560K, 94% used [0x00000000ec600000,0x00000000ec859a90,0x00000000ec880000)
  to   space 3072K, 0% used [0x00000000ec300000,0x00000000ec300000,0x00000000ec600000)
 ParOldGen       total 68608K, used 6869K [0x00000000c0000000, 0x00000000c4300000, 0x00000000eab00000)
  object space 68608K, 10% used [0x00000000c0000000,0x00000000c06b57c8,0x00000000c4300000)
 Metaspace       used 26747K, committed 27200K, reserved 1114112K
  class space    used 2575K, committed 2752K, reserved 1048576K
}
Event: 20.265 GC heap before
{Heap before GC invocations=8 (full 1):
 PSYoungGen      total 27136K, used 26982K [0x00000000eab00000, 0x00000000ec900000, 0x0000000100000000)
  eden space 24576K, 100% used [0x00000000eab00000,0x00000000ec300000,0x00000000ec300000)
  from space 2560K, 94% used [0x00000000ec600000,0x00000000ec859a90,0x00000000ec880000)
  to   space 3072K, 0% used [0x00000000ec300000,0x00000000ec300000,0x00000000ec600000)
 ParOldGen       total 68608K, used 6869K [0x00000000c0000000, 0x00000000c4300000, 0x00000000eab00000)
  object space 68608K, 10% used [0x00000000c0000000,0x00000000c06b57c8,0x00000000c4300000)
 Metaspace       used 30471K, committed 31040K, reserved 1114112K
  class space    used 2952K, committed 3200K, reserved 1048576K
}
Event: 20.270 GC heap after
{Heap after GC invocations=8 (full 1):
 PSYoungGen      total 27136K, used 3058K [0x00000000eab00000, 0x00000000ecb80000, 0x0000000100000000)
  eden space 24064K, 0% used [0x00000000eab00000,0x00000000eab00000,0x00000000ec280000)
  from space 3072K, 99% used [0x00000000ec300000,0x00000000ec5fca80,0x00000000ec600000)
  to   space 4608K, 0% used [0x00000000ec700000,0x00000000ec700000,0x00000000ecb80000)
 ParOldGen       total 68608K, used 8019K [0x00000000c0000000, 0x00000000c4300000, 0x00000000eab00000)
  object space 68608K, 11% used [0x00000000c0000000,0x00000000c07d4ce0,0x00000000c4300000)
 Metaspace       used 30471K, committed 31040K, reserved 1114112K
  class space    used 2952K, committed 3200K, reserved 1048576K
}
Event: 21.579 GC heap before
{Heap before GC invocations=9 (full 1):
 PSYoungGen      total 27136K, used 27122K [0x00000000eab00000, 0x00000000ecb80000, 0x0000000100000000)
  eden space 24064K, 100% used [0x00000000eab00000,0x00000000ec280000,0x00000000ec280000)
  from space 3072K, 99% used [0x00000000ec300000,0x00000000ec5fca80,0x00000000ec600000)
  to   space 4608K, 0% used [0x00000000ec700000,0x00000000ec700000,0x00000000ecb80000)
 ParOldGen       total 68608K, used 8019K [0x00000000c0000000, 0x00000000c4300000, 0x00000000eab00000)
  object space 68608K, 11% used [0x00000000c0000000,0x00000000c07d4ce0,0x00000000c4300000)
 Metaspace       used 34307K, committed 34880K, reserved 1114112K
  class space    used 3426K, committed 3648K, reserved 1048576K
}
Event: 21.585 GC heap after
{Heap after GC invocations=9 (full 1):
 PSYoungGen      total 28160K, used 4514K [0x00000000eab00000, 0x00000000ecc00000, 0x0000000100000000)
  eden space 23552K, 0% used [0x00000000eab00000,0x00000000eab00000,0x00000000ec200000)
  from space 4608K, 97% used [0x00000000ec700000,0x00000000ecb68820,0x00000000ecb80000)
  to   space 5120K, 0% used [0x00000000ec200000,0x00000000ec200000,0x00000000ec700000)
 ParOldGen       total 68608K, used 8027K [0x00000000c0000000, 0x00000000c4300000, 0x00000000eab00000)
  object space 68608K, 11% used [0x00000000c0000000,0x00000000c07d6ce0,0x00000000c4300000)
 Metaspace       used 34307K, committed 34880K, reserved 1114112K
  class space    used 3426K, committed 3648K, reserved 1048576K
}
Event: 21.997 GC heap before
{Heap before GC invocations=10 (full 1):
 PSYoungGen      total 28160K, used 10598K [0x00000000eab00000, 0x00000000ecc00000, 0x0000000100000000)
  eden space 23552K, 25% used [0x00000000eab00000,0x00000000eb0f1080,0x00000000ec200000)
  from space 4608K, 97% used [0x00000000ec700000,0x00000000ecb68820,0x00000000ecb80000)
  to   space 5120K, 0% used [0x00000000ec200000,0x00000000ec200000,0x00000000ec700000)
 ParOldGen       total 68608K, used 8027K [0x00000000c0000000, 0x00000000c4300000, 0x00000000eab00000)
  object space 68608K, 11% used [0x00000000c0000000,0x00000000c07d6ce0,0x00000000c4300000)
 Metaspace       used 35227K, committed 35840K, reserved 1114112K
  class space    used 3536K, committed 3840K, reserved 1048576K
}
Event: 22.003 GC heap after
{Heap after GC invocations=10 (full 1):
 PSYoungGen      total 26112K, used 2499K [0x00000000eab00000, 0x00000000ec900000, 0x0000000100000000)
  eden space 23552K, 0% used [0x00000000eab00000,0x00000000eab00000,0x00000000ec200000)
  from space 2560K, 97% used [0x00000000ec200000,0x00000000ec470f00,0x00000000ec480000)
  to   space 3584K, 0% used [0x00000000ec580000,0x00000000ec580000,0x00000000ec900000)
 ParOldGen       total 68608K, used 10260K [0x00000000c0000000, 0x00000000c4300000, 0x00000000eab00000)
  object space 68608K, 14% used [0x00000000c0000000,0x00000000c0a05148,0x00000000c4300000)
 Metaspace       used 35227K, committed 35840K, reserved 1114112K
  class space    used 3536K, committed 3840K, reserved 1048576K
}
Event: 22.003 GC heap before
{Heap before GC invocations=11 (full 2):
 PSYoungGen      total 26112K, used 2499K [0x00000000eab00000, 0x00000000ec900000, 0x0000000100000000)
  eden space 23552K, 0% used [0x00000000eab00000,0x00000000eab00000,0x00000000ec200000)
  from space 2560K, 97% used [0x00000000ec200000,0x00000000ec470f00,0x00000000ec480000)
  to   space 3584K, 0% used [0x00000000ec580000,0x00000000ec580000,0x00000000ec900000)
 ParOldGen       total 68608K, used 10260K [0x00000000c0000000, 0x00000000c4300000, 0x00000000eab00000)
  object space 68608K, 14% used [0x00000000c0000000,0x00000000c0a05148,0x00000000c4300000)
 Metaspace       used 35227K, committed 35840K, reserved 1114112K
  class space    used 3536K, committed 3840K, reserved 1048576K
}
Event: 22.054 GC heap after
{Heap after GC invocations=11 (full 2):
 PSYoungGen      total 26112K, used 0K [0x00000000eab00000, 0x00000000ec900000, 0x0000000100000000)
  eden space 23552K, 0% used [0x00000000eab00000,0x00000000eab00000,0x00000000ec200000)
  from space 2560K, 0% used [0x00000000ec200000,0x00000000ec200000,0x00000000ec480000)
  to   space 3584K, 0% used [0x00000000ec580000,0x00000000ec580000,0x00000000ec900000)
 ParOldGen       total 68608K, used 12592K [0x00000000c0000000, 0x00000000c4300000, 0x00000000eab00000)
  object space 68608K, 18% used [0x00000000c0000000,0x00000000c0c4c0b0,0x00000000c4300000)
 Metaspace       used 35227K, committed 35840K, reserved 1114112K
  class space    used 3536K, committed 3840K, reserved 1048576K
}
Event: 23.076 GC heap before
{Heap before GC invocations=12 (full 2):
 PSYoungGen      total 26112K, used 23552K [0x00000000eab00000, 0x00000000ec900000, 0x0000000100000000)
  eden space 23552K, 100% used [0x00000000eab00000,0x00000000ec200000,0x00000000ec200000)
  from space 2560K, 0% used [0x00000000ec200000,0x00000000ec200000,0x00000000ec480000)
  to   space 3584K, 0% used [0x00000000ec580000,0x00000000ec580000,0x00000000ec900000)
 ParOldGen       total 68608K, used 12592K [0x00000000c0000000, 0x00000000c4300000, 0x00000000eab00000)
  object space 68608K, 18% used [0x00000000c0000000,0x00000000c0c4c0b0,0x00000000c4300000)
 Metaspace       used 38372K, committed 39040K, reserved 1114112K
  class space    used 3938K, committed 4288K, reserved 1048576K
}
Event: 23.079 GC heap after
{Heap after GC invocations=12 (full 2):
 PSYoungGen      total 25088K, used 1845K [0x00000000eab00000, 0x00000000ec780000, 0x0000000100000000)
  eden space 23040K, 0% used [0x00000000eab00000,0x00000000eab00000,0x00000000ec180000)
  from space 2048K, 90% used [0x00000000ec580000,0x00000000ec74d4c8,0x00000000ec780000)
  to   space 2560K, 0% used [0x00000000ec280000,0x00000000ec280000,0x00000000ec500000)
 ParOldGen       total 68608K, used 12600K [0x00000000c0000000, 0x00000000c4300000, 0x00000000eab00000)
  object space 68608K, 18% used [0x00000000c0000000,0x00000000c0c4e0b0,0x00000000c4300000)
 Metaspace       used 38372K, committed 39040K, reserved 1114112K
  class space    used 3938K, committed 4288K, reserved 1048576K
}
Event: 24.279 GC heap before
{Heap before GC invocations=13 (full 2):
 PSYoungGen      total 25088K, used 24885K [0x00000000eab00000, 0x00000000ec780000, 0x0000000100000000)
  eden space 23040K, 100% used [0x00000000eab00000,0x00000000ec180000,0x00000000ec180000)
  from space 2048K, 90% used [0x00000000ec580000,0x00000000ec74d4c8,0x00000000ec780000)
  to   space 2560K, 0% used [0x00000000ec280000,0x00000000ec280000,0x00000000ec500000)
 ParOldGen       total 68608K, used 12600K [0x00000000c0000000, 0x00000000c4300000, 0x00000000eab00000)
  object space 68608K, 18% used [0x00000000c0000000,0x00000000c0c4e0b0,0x00000000c4300000)
 Metaspace       used 40597K, committed 41344K, reserved 1114112K
  class space    used 4151K, committed 4544K, reserved 1048576K
}
Event: 24.283 GC heap after
{Heap after GC invocations=13 (full 2):
 PSYoungGen      total 24576K, used 1883K [0x00000000eab00000, 0x00000000ec600000, 0x0000000100000000)
  eden space 22528K, 0% used [0x00000000eab00000,0x00000000eab00000,0x00000000ec100000)
  from space 2048K, 91% used [0x00000000ec280000,0x00000000ec456cb8,0x00000000ec480000)
  to   space 1536K, 0% used [0x00000000ec480000,0x00000000ec480000,0x00000000ec600000)
 ParOldGen       total 68608K, used 13528K [0x00000000c0000000, 0x00000000c4300000, 0x00000000eab00000)
  object space 68608K, 19% used [0x00000000c0000000,0x00000000c0d36368,0x00000000c4300000)
 Metaspace       used 40597K, committed 41344K, reserved 1114112K
  class space    used 4151K, committed 4544K, reserved 1048576K
}
Event: 24.988 GC heap before
{Heap before GC invocations=14 (full 2):
 PSYoungGen      total 24576K, used 24411K [0x00000000eab00000, 0x00000000ec600000, 0x0000000100000000)
  eden space 22528K, 100% used [0x00000000eab00000,0x00000000ec100000,0x00000000ec100000)
  from space 2048K, 91% used [0x00000000ec280000,0x00000000ec456cb8,0x00000000ec480000)
  to   space 1536K, 0% used [0x00000000ec480000,0x00000000ec480000,0x00000000ec600000)
 ParOldGen       total 68608K, used 13528K [0x00000000c0000000, 0x00000000c4300000, 0x00000000eab00000)
  object space 68608K, 19% used [0x00000000c0000000,0x00000000c0d36368,0x00000000c4300000)
 Metaspace       used 42391K, committed 43136K, reserved 1114112K
  class space    used 4310K, committed 4672K, reserved 1048576K
}
Event: 24.994 GC heap after
{Heap after GC invocations=14 (full 2):
 PSYoungGen      total 23552K, used 1524K [0x00000000eab00000, 0x00000000ec880000, 0x0000000100000000)
  eden space 22016K, 0% used [0x00000000eab00000,0x00000000eab00000,0x00000000ec080000)
  from space 1536K, 99% used [0x00000000ec480000,0x00000000ec5fd158,0x00000000ec600000)
  to   space 4096K, 0% used [0x00000000ec080000,0x00000000ec080000,0x00000000ec480000)
 ParOldGen       total 68608K, used 15409K [0x00000000c0000000, 0x00000000c4300000, 0x00000000eab00000)
  object space 68608K, 22% used [0x00000000c0000000,0x00000000c0f0c538,0x00000000c4300000)
 Metaspace       used 42391K, committed 43136K, reserved 1114112K
  class space    used 4310K, committed 4672K, reserved 1048576K
}

Dll operation events (10 events):
Event: 0.085 Loaded shared library c:\Users\Bruno\.vscode\extensions\redhat.java-1.33.0-win32-x64\jre\17.0.11-win32-x86_64\bin\java.dll
Event: 0.621 Loaded shared library c:\Users\Bruno\.vscode\extensions\redhat.java-1.33.0-win32-x64\jre\17.0.11-win32-x86_64\bin\zip.dll
Event: 0.626 Loaded shared library C:\Users\Bruno\.vscode\extensions\redhat.java-1.33.0-win32-x64\jre\17.0.11-win32-x86_64\bin\instrument.dll
Event: 0.687 Loaded shared library C:\Users\Bruno\.vscode\extensions\redhat.java-1.33.0-win32-x64\jre\17.0.11-win32-x86_64\bin\net.dll
Event: 0.738 Loaded shared library C:\Users\Bruno\.vscode\extensions\redhat.java-1.33.0-win32-x64\jre\17.0.11-win32-x86_64\bin\nio.dll
Event: 0.747 Loaded shared library C:\Users\Bruno\.vscode\extensions\redhat.java-1.33.0-win32-x64\jre\17.0.11-win32-x86_64\bin\zip.dll
Event: 0.806 Loaded shared library C:\Users\Bruno\.vscode\extensions\redhat.java-1.33.0-win32-x64\jre\17.0.11-win32-x86_64\bin\jimage.dll
Event: 0.961 Loaded shared library c:\Users\Bruno\.vscode\extensions\redhat.java-1.33.0-win32-x64\jre\17.0.11-win32-x86_64\bin\verify.dll
Event: 12.350 Loaded shared library C:\Users\Bruno\AppData\Roaming\Code\User\globalStorage\redhat.java\1.33.0\config_ss_win\org.eclipse.equinox.launcher\org.eclipse.equinox.launcher.win32.win32.x86_64_1.2.1100.v20240722-2106\eclipse_11904.dll
Event: 20.496 Loaded shared library C:\Users\Bruno\AppData\Local\Temp\jna-64464518\jna4099107948282101029.dll

Deoptimization events (20 events):
Event: 25.124 Thread 0x000001ab20662940 DEOPT PACKING pc=0x000001ab0a9609cb sp=0x0000007a3f5f9690
Event: 25.124 Thread 0x000001ab20662940 DEOPT UNPACKING pc=0x000001ab11a66e43 sp=0x0000007a3f5f8b90 mode 0
Event: 25.129 Thread 0x000001ab20662940 DEOPT PACKING pc=0x000001ab0a9609cb sp=0x0000007a3f5f9690
Event: 25.129 Thread 0x000001ab20662940 DEOPT UNPACKING pc=0x000001ab11a66e43 sp=0x0000007a3f5f8b90 mode 0
Event: 25.133 Thread 0x000001ab20662940 Uncommon trap: trap_request=0xffffffde fr.pc=0x000001ab12091b30 relative=0x0000000000008450
Event: 25.133 Thread 0x000001ab20662940 Uncommon trap: reason=class_check action=maybe_recompile pc=0x000001ab12091b30 method=lombok.patcher.PatchScript$MethodPatcher.visitMethod(ILjava/lang/String;Ljava/lang/String;Ljava/lang/String;[Ljava/lang/String;)Lorg/lombokweb/asm/MethodVisitor; @ 101 c
Event: 25.133 Thread 0x000001ab20662940 DEOPT PACKING pc=0x000001ab12091b30 sp=0x0000007a3f5f9540
Event: 25.133 Thread 0x000001ab20662940 DEOPT UNPACKING pc=0x000001ab11a666a3 sp=0x0000007a3f5f94a8 mode 2
Event: 25.133 Thread 0x000001ab20662940 Uncommon trap: trap_request=0xffffffde fr.pc=0x000001ab12091b30 relative=0x0000000000008450
Event: 25.133 Thread 0x000001ab20662940 Uncommon trap: reason=class_check action=maybe_recompile pc=0x000001ab12091b30 method=lombok.patcher.PatchScript$MethodPatcher.visitMethod(ILjava/lang/String;Ljava/lang/String;Ljava/lang/String;[Ljava/lang/String;)Lorg/lombokweb/asm/MethodVisitor; @ 101 c
Event: 25.133 Thread 0x000001ab20662940 DEOPT PACKING pc=0x000001ab12091b30 sp=0x0000007a3f5f9540
Event: 25.133 Thread 0x000001ab20662940 DEOPT UNPACKING pc=0x000001ab11a666a3 sp=0x0000007a3f5f94a8 mode 2
Event: 25.133 Thread 0x000001ab20662940 Uncommon trap: trap_request=0xffffffde fr.pc=0x000001ab12091b30 relative=0x0000000000008450
Event: 25.133 Thread 0x000001ab20662940 Uncommon trap: reason=class_check action=maybe_recompile pc=0x000001ab12091b30 method=lombok.patcher.PatchScript$MethodPatcher.visitMethod(ILjava/lang/String;Ljava/lang/String;Ljava/lang/String;[Ljava/lang/String;)Lorg/lombokweb/asm/MethodVisitor; @ 101 c
Event: 25.133 Thread 0x000001ab20662940 DEOPT PACKING pc=0x000001ab12091b30 sp=0x0000007a3f5f9540
Event: 25.133 Thread 0x000001ab20662940 DEOPT UNPACKING pc=0x000001ab11a666a3 sp=0x0000007a3f5f94a8 mode 2
Event: 25.133 Thread 0x000001ab20662940 Uncommon trap: trap_request=0xffffffde fr.pc=0x000001ab12091b30 relative=0x0000000000008450
Event: 25.133 Thread 0x000001ab20662940 Uncommon trap: reason=class_check action=maybe_recompile pc=0x000001ab12091b30 method=lombok.patcher.PatchScript$MethodPatcher.visitMethod(ILjava/lang/String;Ljava/lang/String;Ljava/lang/String;[Ljava/lang/String;)Lorg/lombokweb/asm/MethodVisitor; @ 101 c
Event: 25.133 Thread 0x000001ab20662940 DEOPT PACKING pc=0x000001ab12091b30 sp=0x0000007a3f5f9540
Event: 25.133 Thread 0x000001ab20662940 DEOPT UNPACKING pc=0x000001ab11a666a3 sp=0x0000007a3f5f94a8 mode 2

Classes unloaded (7 events):
Event: 15.579 Thread 0x000001ab078c9f10 Unloading class 0x000000010021a400 'java/lang/invoke/LambdaForm$MH+0x000000010021a400'
Event: 15.579 Thread 0x000001ab078c9f10 Unloading class 0x000000010021a000 'java/lang/invoke/LambdaForm$MH+0x000000010021a000'
Event: 15.579 Thread 0x000001ab078c9f10 Unloading class 0x0000000100219c00 'java/lang/invoke/LambdaForm$MH+0x0000000100219c00'
Event: 15.579 Thread 0x000001ab078c9f10 Unloading class 0x0000000100219800 'java/lang/invoke/LambdaForm$MH+0x0000000100219800'
Event: 15.579 Thread 0x000001ab078c9f10 Unloading class 0x0000000100219400 'java/lang/invoke/LambdaForm$BMH+0x0000000100219400'
Event: 15.579 Thread 0x000001ab078c9f10 Unloading class 0x0000000100219000 'java/lang/invoke/LambdaForm$DMH+0x0000000100219000'
Event: 15.579 Thread 0x000001ab078c9f10 Unloading class 0x0000000100214400 'java/lang/invoke/LambdaForm$DMH+0x0000000100214400'

Classes redefined (0 events):
No events

Internal exceptions (20 events):
Event: 24.538 Thread 0x000001ab20663870 Exception <a 'sun/nio/fs/WindowsException'{0x00000000eaf832b8}> (0x00000000eaf832b8) 
thrown [s\src\hotspot\share\prims\jni.cpp, line 516]
Event: 24.539 Thread 0x000001ab20663870 Exception <a 'sun/nio/fs/WindowsException'{0x00000000eaf83b80}> (0x00000000eaf83b80) 
thrown [s\src\hotspot\share\prims\jni.cpp, line 516]
Event: 24.539 Thread 0x000001ab20663870 Exception <a 'sun/nio/fs/WindowsException'{0x00000000eb0e93c8}> (0x00000000eb0e93c8) 
thrown [s\src\hotspot\share\prims\jni.cpp, line 516]
Event: 24.539 Thread 0x000001ab20663870 Exception <a 'sun/nio/fs/WindowsException'{0x00000000eb0e9cf0}> (0x00000000eb0e9cf0) 
thrown [s\src\hotspot\share\prims\jni.cpp, line 516]
Event: 24.539 Thread 0x000001ab20663870 Exception <a 'sun/nio/fs/WindowsException'{0x00000000eb0ea558}> (0x00000000eb0ea558) 
thrown [s\src\hotspot\share\prims\jni.cpp, line 516]
Event: 24.539 Thread 0x000001ab20663870 Exception <a 'sun/nio/fs/WindowsException'{0x00000000eb0ebc20}> (0x00000000eb0ebc20) 
thrown [s\src\hotspot\share\prims\jni.cpp, line 516]
Event: 24.540 Thread 0x000001ab20663870 Exception <a 'sun/nio/fs/WindowsException'{0x00000000eb0ec488}> (0x00000000eb0ec488) 
thrown [s\src\hotspot\share\prims\jni.cpp, line 516]
Event: 24.542 Thread 0x000001ab20663870 Exception <a 'java/lang/NoSuchMethodError'{0x00000000eb13afa0}: 'void java.lang.invoke.DirectMethodHandle$Holder.invokeVirtual(java.lang.Object, java.lang.Object, java.lang.Object, java.lang.Object)'> (0x00000000eb13afa0) 
thrown [s\src\hotspot\share\interpreter\linkResolver.cpp, line 759]
Event: 24.549 Thread 0x000001ab20663870 Exception <a 'sun/nio/fs/WindowsException'{0x00000000eb172910}> (0x00000000eb172910) 
thrown [s\src\hotspot\share\prims\jni.cpp, line 516]
Event: 24.549 Thread 0x000001ab20663870 Exception <a 'sun/nio/fs/WindowsException'{0x00000000eb172ed0}> (0x00000000eb172ed0) 
thrown [s\src\hotspot\share\prims\jni.cpp, line 516]
Event: 24.549 Thread 0x000001ab20663870 Exception <a 'sun/nio/fs/WindowsException'{0x00000000eb1738e8}> (0x00000000eb1738e8) 
thrown [s\src\hotspot\share\prims\jni.cpp, line 516]
Event: 24.549 Thread 0x000001ab20663870 Exception <a 'sun/nio/fs/WindowsException'{0x00000000eb173ea8}> (0x00000000eb173ea8) 
thrown [s\src\hotspot\share\prims\jni.cpp, line 516]
Event: 24.618 Thread 0x000001ab205146c0 Exception <a 'sun/nio/fs/WindowsException'{0x00000000eb2e40f0}> (0x00000000eb2e40f0) 
thrown [s\src\hotspot\share\prims\jni.cpp, line 516]
Event: 24.725 Thread 0x000001ab206605d0 Implicit null exception at 0x000001ab121407cf to 0x000001ab121412fc
Event: 24.734 Thread 0x000001ab205146c0 Exception <a 'sun/nio/fs/WindowsException'{0x00000000eb6fdf00}> (0x00000000eb6fdf00) 
thrown [s\src\hotspot\share\prims\jni.cpp, line 516]
Event: 24.735 Thread 0x000001ab205146c0 Exception <a 'sun/nio/fs/WindowsException'{0x00000000eb6fe768}> (0x00000000eb6fe768) 
thrown [s\src\hotspot\share\prims\jni.cpp, line 516]
Event: 24.736 Thread 0x000001ab205146c0 Exception <a 'sun/nio/fs/WindowsException'{0x00000000eb6ff360}> (0x00000000eb6ff360) 
thrown [s\src\hotspot\share\prims\jni.cpp, line 516]
Event: 24.737 Thread 0x000001ab205146c0 Exception <a 'sun/nio/fs/WindowsException'{0x00000000eb6ffbc8}> (0x00000000eb6ffbc8) 
thrown [s\src\hotspot\share\prims\jni.cpp, line 516]
Event: 24.827 Thread 0x000001ab20663870 Exception <a 'sun/nio/fs/WindowsException'{0x00000000ebbec7a8}> (0x00000000ebbec7a8) 
thrown [s\src\hotspot\share\prims\jni.cpp, line 516]
Event: 25.051 Thread 0x000001ab20663870 Exception <a 'sun/nio/fs/WindowsException'{0x00000000eaded090}> (0x00000000eaded090) 
thrown [s\src\hotspot\share\prims\jni.cpp, line 516]

VM Operations (20 events):
Event: 20.527 Executing VM operation: HandshakeAllThreads
Event: 20.527 Executing VM operation: HandshakeAllThreads done
Event: 21.536 Executing VM operation: Cleanup
Event: 21.536 Executing VM operation: Cleanup done
Event: 21.550 Executing VM operation: HandshakeAllThreads
Event: 21.550 Executing VM operation: HandshakeAllThreads done
Event: 21.579 Executing VM operation: ParallelGCFailedAllocation
Event: 21.585 Executing VM operation: ParallelGCFailedAllocation done
Event: 21.996 Executing VM operation: CollectForMetadataAllocation
Event: 22.056 Executing VM operation: CollectForMetadataAllocation done
Event: 22.219 Executing VM operation: HandshakeAllThreads
Event: 22.219 Executing VM operation: HandshakeAllThreads done
Event: 22.315 Executing VM operation: HandshakeAllThreads
Event: 22.316 Executing VM operation: HandshakeAllThreads done
Event: 23.076 Executing VM operation: ParallelGCFailedAllocation
Event: 23.079 Executing VM operation: ParallelGCFailedAllocation done
Event: 24.277 Executing VM operation: ParallelGCFailedAllocation
Event: 24.284 Executing VM operation: ParallelGCFailedAllocation done
Event: 24.988 Executing VM operation: ParallelGCFailedAllocation
Event: 24.994 Executing VM operation: ParallelGCFailedAllocation done

Events (20 events):
Event: 24.442 loading class sun/net/www/protocol/https/Handler
Event: 24.442 loading class sun/net/www/protocol/http/Handler
Event: 24.443 loading class sun/net/www/protocol/http/Handler done
Event: 24.443 loading class sun/net/www/protocol/https/Handler done
Event: 24.725 loading class java/util/Collections$UnmodifiableSortedSet
Event: 24.725 loading class java/util/Collections$UnmodifiableSortedSet done
Event: 24.805 loading class java/util/regex/Pattern$Caret
Event: 24.805 loading class java/util/regex/Pattern$Caret done
Event: 24.896 loading class java/util/function/ToIntFunction
Event: 24.896 loading class java/util/function/ToIntFunction done
Event: 24.896 loading class java/util/stream/ReferencePipeline$4
Event: 24.897 loading class java/util/stream/ReferencePipeline$4 done
Event: 24.897 loading class java/util/stream/Nodes$IntFixedNodeBuilder
Event: 24.897 loading class java/util/stream/Node$Builder$OfInt
Event: 24.898 loading class java/util/stream/Node$Builder$OfInt done
Event: 24.898 loading class java/util/stream/Nodes$IntArrayNode
Event: 24.898 loading class java/util/stream/Nodes$IntArrayNode done
Event: 24.898 loading class java/util/stream/Nodes$IntFixedNodeBuilder done
Event: 24.898 loading class java/util/stream/ReferencePipeline$4$1
Event: 24.898 loading class java/util/stream/ReferencePipeline$4$1 done


Dynamic libraries:
0x00007ff6d51f0000 - 0x00007ff6d51fe000 	c:\Users\Bruno\.vscode\extensions\redhat.java-1.33.0-win32-x64\jre\17.0.11-win32-x86_64\bin\java.exe
0x00007ffe74cb0000 - 0x00007ffe74ea8000 	C:\WINDOWS\SYSTEM32\ntdll.dll
0x00007ffe747b0000 - 0x00007ffe74871000 	C:\WINDOWS\System32\KERNEL32.DLL
0x00007ffe723f0000 - 0x00007ffe726e6000 	C:\WINDOWS\System32\KERNELBASE.dll
0x00007ffe72b40000 - 0x00007ffe72c40000 	C:\WINDOWS\System32\ucrtbase.dll
0x00007ffe61b90000 - 0x00007ffe61ba7000 	c:\Users\Bruno\.vscode\extensions\redhat.java-1.33.0-win32-x64\jre\17.0.11-win32-x86_64\bin\jli.dll
0x00007ffe73e40000 - 0x00007ffe73fdf000 	C:\WINDOWS\System32\USER32.dll
0x00007ffe72740000 - 0x00007ffe72762000 	C:\WINDOWS\System32\win32u.dll
0x00007ffe72eb0000 - 0x00007ffe72edb000 	C:\WINDOWS\System32\GDI32.dll
0x00007ffe72a20000 - 0x00007ffe72b37000 	C:\WINDOWS\System32\gdi32full.dll
0x00007ffe72c40000 - 0x00007ffe72cdd000 	C:\WINDOWS\System32\msvcp_win.dll
0x00007ffe60c60000 - 0x00007ffe60c7b000 	c:\Users\Bruno\.vscode\extensions\redhat.java-1.33.0-win32-x64\jre\17.0.11-win32-x86_64\bin\VCRUNTIME140.dll
0x00007ffe63200000 - 0x00007ffe6349a000 	C:\WINDOWS\WinSxS\amd64_microsoft.windows.common-controls_6595b64144ccf1df_6.0.19041.4355_none_60b8b9eb71f62e16\COMCTL32.dll
0x00007ffe72ce0000 - 0x00007ffe72d7e000 	C:\WINDOWS\System32\msvcrt.dll
0x00007ffe739e0000 - 0x00007ffe73a0f000 	C:\WINDOWS\System32\IMM32.DLL
0x00007ffe63fb0000 - 0x00007ffe63fbc000 	c:\Users\Bruno\.vscode\extensions\redhat.java-1.33.0-win32-x64\jre\17.0.11-win32-x86_64\bin\vcruntime140_1.dll
0x00007ffe3c8a0000 - 0x00007ffe3c92d000 	c:\Users\Bruno\.vscode\extensions\redhat.java-1.33.0-win32-x64\jre\17.0.11-win32-x86_64\bin\msvcp140.dll
0x00007ffe28840000 - 0x00007ffe294a2000 	c:\Users\Bruno\.vscode\extensions\redhat.java-1.33.0-win32-x64\jre\17.0.11-win32-x86_64\bin\server\jvm.dll
0x00007ffe74a90000 - 0x00007ffe74b40000 	C:\WINDOWS\System32\ADVAPI32.dll
0x00007ffe73b20000 - 0x00007ffe73bc0000 	C:\WINDOWS\System32\sechost.dll
0x00007ffe73040000 - 0x00007ffe73163000 	C:\WINDOWS\System32\RPCRT4.dll
0x00007ffe72770000 - 0x00007ffe72797000 	C:\WINDOWS\System32\bcrypt.dll
0x00007ffe721b0000 - 0x00007ffe721fb000 	C:\WINDOWS\SYSTEM32\POWRPROF.dll
0x00007ffe4e110000 - 0x00007ffe4e119000 	C:\WINDOWS\SYSTEM32\WSOCK32.dll
0x00007ffe73dd0000 - 0x00007ffe73e3b000 	C:\WINDOWS\System32\WS2_32.dll
0x00007ffe67c60000 - 0x00007ffe67c87000 	C:\WINDOWS\SYSTEM32\WINMM.dll
0x00007ffe6bdb0000 - 0x00007ffe6bdba000 	C:\WINDOWS\SYSTEM32\VERSION.dll
0x00007ffe72190000 - 0x00007ffe721a2000 	C:\WINDOWS\SYSTEM32\UMPDC.dll
0x00007ffe70cd0000 - 0x00007ffe70ce2000 	C:\WINDOWS\SYSTEM32\kernel.appcore.dll
0x00007ffe60a70000 - 0x00007ffe60a7a000 	c:\Users\Bruno\.vscode\extensions\redhat.java-1.33.0-win32-x64\jre\17.0.11-win32-x86_64\bin\jimage.dll
0x00007ffe5ead0000 - 0x00007ffe5ecb4000 	C:\WINDOWS\SYSTEM32\DBGHELP.DLL
0x00007ffe5ea90000 - 0x00007ffe5eac4000 	C:\WINDOWS\SYSTEM32\dbgcore.DLL
0x00007ffe72360000 - 0x00007ffe723e2000 	C:\WINDOWS\System32\bcryptPrimitives.dll
0x00007ffe60a60000 - 0x00007ffe60a6e000 	c:\Users\Bruno\.vscode\extensions\redhat.java-1.33.0-win32-x64\jre\17.0.11-win32-x86_64\bin\instrument.dll
0x00007ffe609e0000 - 0x00007ffe60a05000 	c:\Users\Bruno\.vscode\extensions\redhat.java-1.33.0-win32-x64\jre\17.0.11-win32-x86_64\bin\java.dll
0x00007ffe60a40000 - 0x00007ffe60a58000 	c:\Users\Bruno\.vscode\extensions\redhat.java-1.33.0-win32-x64\jre\17.0.11-win32-x86_64\bin\zip.dll
0x00007ffe74040000 - 0x00007ffe747ac000 	C:\WINDOWS\System32\SHELL32.dll
0x00007ffe6c3f0000 - 0x00007ffe6cb8e000 	C:\WINDOWS\SYSTEM32\windows.storage.dll
0x00007ffe73180000 - 0x00007ffe734d3000 	C:\WINDOWS\System32\combase.dll
0x00007ffe71cb0000 - 0x00007ffe71cde000 	C:\WINDOWS\SYSTEM32\Wldp.dll
0x00007ffe73cf0000 - 0x00007ffe73dbd000 	C:\WINDOWS\System32\OLEAUT32.dll
0x00007ffe73a70000 - 0x00007ffe73b1d000 	C:\WINDOWS\System32\SHCORE.dll
0x00007ffe74b60000 - 0x00007ffe74bb5000 	C:\WINDOWS\System32\shlwapi.dll
0x00007ffe72290000 - 0x00007ffe722b4000 	C:\WINDOWS\SYSTEM32\profapi.dll
0x00007ffe609c0000 - 0x00007ffe609d9000 	C:\Users\Bruno\.vscode\extensions\redhat.java-1.33.0-win32-x64\jre\17.0.11-win32-x86_64\bin\net.dll
0x00007ffe6a020000 - 0x00007ffe6a12a000 	C:\WINDOWS\SYSTEM32\WINHTTP.dll
0x00007ffe71a10000 - 0x00007ffe71a7a000 	C:\WINDOWS\system32\mswsock.dll
0x00007ffe51860000 - 0x00007ffe51876000 	C:\Users\Bruno\.vscode\extensions\redhat.java-1.33.0-win32-x64\jre\17.0.11-win32-x86_64\bin\nio.dll
0x00007ffe609b0000 - 0x00007ffe609c0000 	c:\Users\Bruno\.vscode\extensions\redhat.java-1.33.0-win32-x64\jre\17.0.11-win32-x86_64\bin\verify.dll
0x00007ffe45a50000 - 0x00007ffe45a95000 	C:\Users\Bruno\AppData\Roaming\Code\User\globalStorage\redhat.java\1.33.0\config_ss_win\org.eclipse.equinox.launcher\org.eclipse.equinox.launcher.win32.win32.x86_64_1.2.1100.v20240722-2106\eclipse_11904.dll
0x00007ffe72d80000 - 0x00007ffe72eab000 	C:\WINDOWS\System32\ole32.dll
0x00007ffe71c00000 - 0x00007ffe71c18000 	C:\WINDOWS\SYSTEM32\CRYPTSP.dll
0x00007ffe71330000 - 0x00007ffe71364000 	C:\WINDOWS\system32\rsaenh.dll
0x00007ffe72240000 - 0x00007ffe7226e000 	C:\WINDOWS\SYSTEM32\USERENV.dll
0x00007ffe71c20000 - 0x00007ffe71c2c000 	C:\WINDOWS\SYSTEM32\CRYPTBASE.dll
0x00007ffe716f0000 - 0x00007ffe7172b000 	C:\WINDOWS\SYSTEM32\IPHLPAPI.DLL
0x00007ffe73dc0000 - 0x00007ffe73dc8000 	C:\WINDOWS\System32\NSI.dll
0x00007ffe6b4f0000 - 0x00007ffe6b507000 	C:\WINDOWS\SYSTEM32\dhcpcsvc6.DLL
0x00007ffe6bdf0000 - 0x00007ffe6be0d000 	C:\WINDOWS\SYSTEM32\dhcpcsvc.DLL
0x00007ffe71730000 - 0x00007ffe717fa000 	C:\WINDOWS\SYSTEM32\DNSAPI.dll
0x00007ffe452c0000 - 0x00007ffe45305000 	C:\Users\Bruno\AppData\Local\Temp\jna-64464518\jna4099107948282101029.dll
0x00007ffe73170000 - 0x00007ffe73178000 	C:\WINDOWS\System32\PSAPI.DLL

dbghelp: loaded successfully - version: 4.0.5 - missing functions: none
symbol engine: initialized successfully - sym options: 0x614 - pdb path: .;c:\Users\Bruno\.vscode\extensions\redhat.java-1.33.0-win32-x64\jre\17.0.11-win32-x86_64\bin;C:\WINDOWS\SYSTEM32;C:\WINDOWS\WinSxS\amd64_microsoft.windows.common-controls_6595b64144ccf1df_6.0.19041.4355_none_60b8b9eb71f62e16;c:\Users\Bruno\.vscode\extensions\redhat.java-1.33.0-win32-x64\jre\17.0.11-win32-x86_64\bin\server;C:\Users\Bruno\AppData\Roaming\Code\User\globalStorage\redhat.java\1.33.0\config_ss_win\org.eclipse.equinox.launcher\org.eclipse.equinox.launcher.win32.win32.x86_64_1.2.1100.v20240722-2106;C:\Users\Bruno\AppData\Local\Temp\jna-64464518

VM Arguments:
jvm_args: --add-modules=ALL-SYSTEM --add-opens=java.base/java.util=ALL-UNNAMED --add-opens=java.base/java.lang=ALL-UNNAMED --add-opens=java.base/sun.nio.fs=ALL-UNNAMED -Declipse.application=org.eclipse.jdt.ls.core.id1 -Dosgi.bundles.defaultStartLevel=4 -Declipse.product=org.eclipse.jdt.ls.core.product -Djava.import.generatesMetadataFilesAtProjectRoot=false -DDetectVMInstallationsJob.disabled=true -Dfile.encoding=utf8 -XX:+UseParallelGC -XX:GCTimeRatio=4 -XX:AdaptiveSizePolicyWeight=90 -Dsun.zip.disableMemoryMapping=true -Xmx1G -Xms100m -Xlog:disable -javaagent:c:\Users\Bruno\.vscode\extensions\redhat.java-1.33.0-win32-x64\lombok\lombok-1.18.33.jar 
java_command: c:\Users\Bruno\.vscode\extensions\redhat.java-1.33.0-win32-x64\server\plugins\org.eclipse.equinox.launcher_1.6.900.v20240613-2009.jar -configuration c:\Users\Bruno\AppData\Roaming\Code\User\globalStorage\redhat.java\1.33.0\config_ss_win -data c:\Users\Bruno\AppData\Roaming\Code\User\workspaceStorage\c5c1a9159463f50fe3f5eb12d6304c8b\redhat.java\ss_ws --pipe=\\.\pipe\lsp-9fed540f17854223b2225b04fe96f026-sock
java_class_path (initial): c:\Users\Bruno\.vscode\extensions\redhat.java-1.33.0-win32-x64\server\plugins\org.eclipse.equinox.launcher_1.6.900.v20240613-2009.jar
Launcher Type: SUN_STANDARD

[Global flags]
    uintx AdaptiveSizePolicyWeight                 = 90                                        {product} {command line}
     intx CICompilerCount                          = 2                                         {product} {ergonomic}
    uintx GCTimeRatio                              = 4                                         {product} {command line}
   size_t InitialHeapSize                          = 104857600                                 {product} {command line}
   size_t MaxHeapSize                              = 1073741824                                {product} {command line}
   size_t MaxNewSize                               = 357564416                                 {product} {ergonomic}
   size_t MinHeapDeltaBytes                        = 524288                                    {product} {ergonomic}
   size_t MinHeapSize                              = 104857600                                 {product} {command line}
   size_t NewSize                                  = 34603008                                  {product} {ergonomic}
    uintx NonNMethodCodeHeapSize                   = 5826188                                {pd product} {ergonomic}
    uintx NonProfiledCodeHeapSize                  = 122916026                              {pd product} {ergonomic}
   size_t OldSize                                  = 70254592                                  {product} {ergonomic}
    uintx ProfiledCodeHeapSize                     = 122916026                              {pd product} {ergonomic}
    uintx ReservedCodeCacheSize                    = 251658240                              {pd product} {ergonomic}
     bool SegmentedCodeCache                       = true                                      {product} {ergonomic}
   size_t SoftMaxHeapSize                          = 1073741824                             {manageable} {ergonomic}
     bool UseCompressedClassPointers               = true                           {product lp64_product} {ergonomic}
     bool UseCompressedOops                        = true                           {product lp64_product} {ergonomic}
     bool UseLargePagesIndividualAllocation        = false                                  {pd product} {ergonomic}
     bool UseParallelGC                            = true                                      {product} {command line}

Logging:
Log output configuration:
 #0: stdout all=off uptime,level,tags
 #1: stderr all=off uptime,level,tags

Environment Variables:
JAVA_HOME=D:\Programas\Java\jdk-17
PATH=D:\Programas\Java\jdk-17\bin;C:\Program Files\Common Files\Oracle\Java\javapath;C:\Program Files\Eclipse Adoptium\jre-8.0.372.7-hotspot\bin;C:\Program Files\Eclipse Adoptium\jdk-11.0.19.7-hotspot\bin;C:\Program Files (x86)\NVIDIA Corporation\PhysX\Common;C:\Program Files\AdoptOpenJDK\jre-11.0.10.9-hotspot\bin;C:\Program Files (x86)\AdoptOpenJDK\jre-8.0.282.8-hotspot\bin;C:\WINDOWS\system32;C:\WINDOWS;C:\WINDOWS\System32\Wbem;C:\WINDOWS\System32\WindowsPowerShell\v1.0\;C:\WINDOWS\System32\OpenSSH\;C:\Program Files\Microsoft SQL Server\120\Tools\Binn\;C:\Program Files (x86)\Windows Kits\8.1\Windows Performance Toolkit\;C:\Program Files\Common Files\Autodesk Shared\;C:\Program Files\Microsoft SQL Server\Client SDK\ODBC\110\Tools\Binn\;C:\Program Files (x86)\Microsoft SQL Server\120\Tools\Binn\;C:\Program Files\Microsoft SQL Server\120\DTS\Binn\;C:\Program Files\dotnet\;D:\Git\cmd;D:\Programas\;D:\Programas\Java\jdk-17\bin;C:\Users\Bruno\AppData\Local\Programs\Python\Python39\Scripts\;C:\Users\Bruno\AppData\Local\Programs\Python\Python39\;C:\Users\Bruno\AppData\Local\Microsoft\WindowsApps;D:\Programas\Microsoft VS Code\bin;C:\Users\Bruno\.dotnet\tools;C:\Users\Bruno\AppData\Roaming\npm
USERNAME=Bruno
OS=Windows_NT
PROCESSOR_IDENTIFIER=AMD64 Family 21 Model 96 Stepping 1, AuthenticAMD
TMP=C:\Users\Bruno\AppData\Local\Temp
TEMP=C:\Users\Bruno\AppData\Local\Temp



Periodic native trim disabled


---------------  S Y S T E M  ---------------

OS:
 Windows 10 , 64 bit Build 19041 (10.0.19041.4597)
OS uptime: 0 days 6:58 hours

CPU: total 2 (initial active 2) (2 cores per cpu, 1 threads per core) family 21 model 96 stepping 1 microcode 0x0, cx8, cmov, fxsr, mmx, 3dnowpref, sse, sse2, sse3, ssse3, sse4a, sse4.1, sse4.2, popcnt, lzcnt, tsc, tscinvbit, avx, avx2, aes, clmul, bmi1, bmi2, fma, vzeroupper, clflush
Processor Information for all 2 processors :
  Max Mhz: 3500, Current Mhz: 3500, Mhz Limit: 3500

Memory: 4k page, system-wide physical 7641M (1538M free)
TotalPageFile size 7641M (AvailPageFile size 4M)
current process WorkingSet (physical memory assigned to process): 168M, peak: 168M
current process commit charge ("private bytes"): 249M, peak: 250M

vm_info: OpenJDK 64-Bit Server VM (17.0.11+9) for windows-amd64 JRE (17.0.11+9), built on Apr 17 2024 06:07:48 by "admin" with MS VC++ 16.10 / 16.11 (VS2019)

END.
