#
# There is insufficient memory for the Java Runtime Environment to continue.
# Native memory allocation (malloc) failed to allocate 213616 bytes. Error detail: Chunk::new
# Possible reasons:
#   The system is out of physical RAM or swap space
#   This process is running with CompressedOops enabled, and the Java Heap may be blocking the growth of the native heap
# Possible solutions:
#   Reduce memory load on the system
#   Increase physical memory or swap space
#   Check if swap backing store is full
#   Decrease Java heap size (-Xmx/-Xms)
#   Decrease number of Java threads
#   Decrease Java thread stack sizes (-Xss)
#   Set larger code cache with -XX:ReservedCodeCacheSize=
#   JVM is running with Unscaled Compressed Oops mode in which the Java heap is
#     placed in the first 4GB address space. The Java Heap base address is the
#     maximum limit for the native heap growth. Please use -XX:HeapBaseMinAddress
#     to set the Java Heap base and to place the Java Heap above 4GB virtual address.
# This output file may be truncated or incomplete.
#
#  Out of Memory Error (arena.cpp:191), pid=5544, tid=10996
#
# JRE version: OpenJDK Runtime Environment Temurin-17.0.11+9 (17.0.11+9) (build 17.0.11+9)
# Java VM: OpenJDK 64-Bit Server VM Temurin-17.0.11+9 (17.0.11+9, mixed mode, tiered, compressed oops, compressed class ptrs, parallel gc, windows-amd64)
# No core dump will be written. Minidumps are not enabled by default on client versions of Windows
#

---------------  S U M M A R Y ------------

Command Line: --add-modules=ALL-SYSTEM --add-opens=java.base/java.util=ALL-UNNAMED --add-opens=java.base/java.lang=ALL-UNNAMED --add-opens=java.base/sun.nio.fs=ALL-UNNAMED -Declipse.application=org.eclipse.jdt.ls.core.id1 -Dosgi.bundles.defaultStartLevel=4 -Declipse.product=org.eclipse.jdt.ls.core.product -Djava.import.generatesMetadataFilesAtProjectRoot=false -DDetectVMInstallationsJob.disabled=true -Dfile.encoding=utf8 -XX:+UseParallelGC -XX:GCTimeRatio=4 -XX:AdaptiveSizePolicyWeight=90 -Dsun.zip.disableMemoryMapping=true -Xmx1G -Xms100m -Xlog:disable -javaagent:c:\Users\Bruno\.vscode\extensions\redhat.java-1.32.0-win32-x64\lombok\lombok-1.18.33.jar c:\Users\Bruno\.vscode\extensions\redhat.java-1.32.0-win32-x64\server\plugins\org.eclipse.equinox.launcher_1.6.900.v20240613-2009.jar -configuration c:\Users\Bruno\AppData\Roaming\Code\User\globalStorage\redhat.java\1.32.0\config_ss_win -data c:\Users\Bruno\AppData\Roaming\Code\User\workspaceStorage\9de7f112ec75f322c23137c1f8930694\redhat.java\ss_ws --pipe=\\.\pipe\lsp-0ef1a558efe5e06ea0f4fa39b4004307-sock

Host: AMD A6-7480 Radeon R5, 8 Compute Cores 2C+6G   , 2 cores, 7G,  Windows 10 , 64 bit Build 19041 (10.0.19041.4597)
Time: Wed Jul 24 12:22:55 2024 Hora oficial do Brasil elapsed time: 157.613374 seconds (0d 0h 2m 37s)

---------------  T H R E A D  ---------------

Current thread (0x000002335719cbf0):  JavaThread "C2 CompilerThread0" daemon [_thread_in_native, id=10996, stack(0x00000086fc000000,0x00000086fc100000)]


Current CompileTask:
C2: 157613 5254       4       com.google.gson.stream.JsonReader::nextQuotedValue (270 bytes)

Stack: [0x00000086fc000000,0x00000086fc100000]
Native frames: (J=compiled Java code, j=interpreted, Vv=VM code, C=native code)
V  [jvm.dll+0x67d429]
V  [jvm.dll+0x834b7a]
V  [jvm.dll+0x83663e]
V  [jvm.dll+0x836ca3]
V  [jvm.dll+0x247dbf]
V  [jvm.dll+0xac534]
V  [jvm.dll+0xacb7c]
V  [jvm.dll+0x3665f2]
V  [jvm.dll+0x330bba]
V  [jvm.dll+0x33005a]
V  [jvm.dll+0x21a471]
V  [jvm.dll+0x2198b1]
V  [jvm.dll+0x1a534d]
V  [jvm.dll+0x2295cd]
V  [jvm.dll+0x22779c]
V  [jvm.dll+0x7e9d07]
V  [jvm.dll+0x7e410a]
V  [jvm.dll+0x67c315]
C  [ucrtbase.dll+0x21bb2]
C  [KERNEL32.DLL+0x17374]
C  [ntdll.dll+0x4cc91]


---------------  P R O C E S S  ---------------

Threads class SMR info:
_java_thread_list=0x000002335c4e40d0, length=29, elements={
0x0000023343370500, 0x0000023343429aa0, 0x000002334342b4d0, 0x0000023357198c90,
0x0000023357199a20, 0x000002335719a5b0, 0x000002335719bff0, 0x000002335719cbf0,
0x0000023357200630, 0x0000023357203700, 0x000002335720e8c0, 0x000002335c24b050,
0x000002335c9c49b0, 0x000002335c3616d0, 0x000002335c362160, 0x000002335c61ac10,
0x000002335c85dab0, 0x000002335cbcbab0, 0x000002335cbcc9e0, 0x000002335cbcc4d0,
0x000002335cbce330, 0x000002335cbccef0, 0x000002335cbce840, 0x000002335cbcb090,
0x000002335cbcde20, 0x000002335d763a80, 0x000002335d767230, 0x000002335d763f90,
0x000002335d7695a0
}

Java Threads: ( => current thread )
  0x0000023343370500 JavaThread "main" [_thread_blocked, id=9088, stack(0x00000086fb700000,0x00000086fb800000)]
  0x0000023343429aa0 JavaThread "Reference Handler" daemon [_thread_blocked, id=6020, stack(0x00000086fba00000,0x00000086fbb00000)]
  0x000002334342b4d0 JavaThread "Finalizer" daemon [_thread_blocked, id=2932, stack(0x00000086fbb00000,0x00000086fbc00000)]
  0x0000023357198c90 JavaThread "Signal Dispatcher" daemon [_thread_blocked, id=9600, stack(0x00000086fbc00000,0x00000086fbd00000)]
  0x0000023357199a20 JavaThread "Attach Listener" daemon [_thread_blocked, id=1068, stack(0x00000086fbd00000,0x00000086fbe00000)]
  0x000002335719a5b0 JavaThread "Service Thread" daemon [_thread_blocked, id=10252, stack(0x00000086fbe00000,0x00000086fbf00000)]
  0x000002335719bff0 JavaThread "Monitor Deflation Thread" daemon [_thread_blocked, id=2928, stack(0x00000086fbf00000,0x00000086fc000000)]
=>0x000002335719cbf0 JavaThread "C2 CompilerThread0" daemon [_thread_in_native, id=10996, stack(0x00000086fc000000,0x00000086fc100000)]
  0x0000023357200630 JavaThread "C1 CompilerThread0" daemon [_thread_blocked, id=6356, stack(0x00000086fc100000,0x00000086fc200000)]
  0x0000023357203700 JavaThread "Sweeper thread" daemon [_thread_blocked, id=9784, stack(0x00000086fc200000,0x00000086fc300000)]
  0x000002335720e8c0 JavaThread "Common-Cleaner" daemon [_thread_blocked, id=6272, stack(0x00000086fc300000,0x00000086fc400000)]
  0x000002335c24b050 JavaThread "Notification Thread" daemon [_thread_blocked, id=2120, stack(0x00000086fc400000,0x00000086fc500000)]
  0x000002335c9c49b0 JavaThread "Active Thread: Equinox Container: b3851538-b26b-4c03-a805-a69e6f188bb7" [_thread_blocked, id=5372, stack(0x00000086fc700000,0x00000086fc800000)]
  0x000002335c3616d0 JavaThread "Framework Event Dispatcher: Equinox Container: b3851538-b26b-4c03-a805-a69e6f188bb7" daemon [_thread_blocked, id=1060, stack(0x00000086fc800000,0x00000086fc900000)]
  0x000002335c362160 JavaThread "Start Level: Equinox Container: b3851538-b26b-4c03-a805-a69e6f188bb7" daemon [_thread_blocked, id=4884, stack(0x00000086fc900000,0x00000086fca00000)]
  0x000002335c61ac10 JavaThread "SCR Component Actor" daemon [_thread_blocked, id=1824, stack(0x00000086fca00000,0x00000086fcb00000)]
  0x000002335c85dab0 JavaThread "Worker-JM" [_thread_blocked, id=10848, stack(0x00000086fcc00000,0x00000086fcd00000)]
  0x000002335cbcbab0 JavaThread "Worker-1" [_thread_blocked, id=9144, stack(0x00000086fce00000,0x00000086fcf00000)]
  0x000002335cbcc9e0 JavaThread "JNA Cleaner" daemon [_thread_blocked, id=10668, stack(0x00000086fcb00000,0x00000086fcc00000)]
  0x000002335cbcc4d0 JavaThread "Thread-2" daemon [_thread_in_native, id=10604, stack(0x00000086fd100000,0x00000086fd200000)]
  0x000002335cbce330 JavaThread "Thread-3" daemon [_thread_in_native, id=112, stack(0x00000086fd200000,0x00000086fd300000)]
  0x000002335cbccef0 JavaThread "Thread-4" daemon [_thread_in_native, id=10740, stack(0x00000086fd300000,0x00000086fd400000)]
  0x000002335cbce840 JavaThread "pool-2-thread-1" [_thread_blocked, id=1796, stack(0x00000086fd400000,0x00000086fd500000)]
  0x000002335cbcb090 JavaThread "WorkspaceEventsHandler" [_thread_blocked, id=10676, stack(0x00000086fd500000,0x00000086fd600000)]
  0x000002335cbcde20 JavaThread "pool-1-thread-1" [_thread_in_vm, id=3012, stack(0x00000086fd600000,0x00000086fd700000)]
  0x000002335d763a80 JavaThread "Worker-2" [_thread_blocked, id=3064, stack(0x00000086fdb00000,0x00000086fdc00000)]
  0x000002335d767230 JavaThread "Thread-8" [_thread_in_vm, id=10412, stack(0x00000086fb500000,0x00000086fb600000)]
  0x000002335d763f90 JavaThread "Thread-9" [_thread_in_vm, id=8984, stack(0x00000086fb600000,0x00000086fb700000)]
  0x000002335d7695a0 JavaThread "Thread-10" [_thread_in_vm, id=7952, stack(0x00000086fcd00000,0x00000086fce00000)]

Other Threads:
  0x0000023357164340 VMThread "VM Thread" [stack: 0x00000086fb900000,0x00000086fba00000] [id=5920]
  0x000002335c21dfe0 WatcherThread [stack: 0x00000086fc500000,0x00000086fc600000] [id=1904]
  0x0000023343385780 GCTaskThread "GC Thread#0" [stack: 0x00000086fb800000,0x00000086fb900000] [id=7820]
  0x000002335c4a9160 GCTaskThread "GC Thread#1" [stack: 0x00000086fc600000,0x00000086fc700000] [id=7668]

Threads with active compile tasks:
C2 CompilerThread0   157656 5254       4       com.google.gson.stream.JsonReader::nextQuotedValue (270 bytes)

VM state: not at safepoint (normal execution)

VM Mutex/Monitor currently owned by a thread:  ([mutex/lock_event])
[0x000002334336aec0] Metaspace_lock - owner thread: 0x000002335cbcde20

OutOfMemory and StackOverflow Exception counts:
OutOfMemoryError java_heap_errors=1
LinkageErrors=69

Heap address: 0x00000000c0000000, size: 1024 MB, Compressed Oops mode: 32-bit

CDS archive(s) not mapped
Compressed class space mapped at: 0x0000000100000000-0x0000000140000000, reserved size: 1073741824
Narrow klass base: 0x0000000000000000, Narrow klass shift: 3, Narrow klass range: 0x140000000

GC Precious Log:
 CPUs: 2 total, 2 available
 Memory: 7641M
 Large Page Support: Disabled
 NUMA Support: Disabled
 Compressed Oops: Enabled (32-bit)
 Alignments: Space 512K, Generation 512K, Heap 2M
 Heap Min Capacity: 100M
 Heap Initial Capacity: 100M
 Heap Max Capacity: 1G
 Pre-touch: Disabled
 Parallel Workers: 2

Heap:
 PSYoungGen      total 23040K, used 3879K [0x00000000eab00000, 0x00000000ec300000, 0x0000000100000000)
  eden space 22016K, 14% used [0x00000000eab00000,0x00000000eae0b900,0x00000000ec080000)
  from space 1024K, 74% used [0x00000000ec100000,0x00000000ec1be510,0x00000000ec200000)
  to   space 1024K, 0% used [0x00000000ec200000,0x00000000ec200000,0x00000000ec300000)
 ParOldGen       total 68608K, used 31857K [0x00000000c0000000, 0x00000000c4300000, 0x00000000eab00000)
  object space 68608K, 46% used [0x00000000c0000000,0x00000000c1f1c7c8,0x00000000c4300000)
 Metaspace       used 49340K, committed 50112K, reserved 1114112K
  class space    used 4986K, committed 5376K, reserved 1048576K

Card table byte_map: [0x0000023342d20000,0x0000023342f30000] _byte_map_base: 0x0000023342720000

Marking Bits: (ParMarkBitMap*) 0x00007ffa9f39d820
 Begin Bits: [0x0000023355010000, 0x0000023356010000)
 End Bits:   [0x0000023356010000, 0x0000023357010000)

Polling page: 0x0000023341360000

Metaspace:

Usage:
  Non-class:     43.31 MB used.
      Class:      4.87 MB used.
       Both:     48.18 MB used.

Virtual space:
  Non-class space:       64.00 MB reserved,      43.69 MB ( 68%) committed,  1 nodes.
      Class space:        1.00 GB reserved,       5.25 MB ( <1%) committed,  1 nodes.
             Both:        1.06 GB reserved,      48.94 MB (  4%) committed. 

Chunk freelists:
   Non-Class:  4.08 MB
       Class:  10.73 MB
        Both:  14.81 MB

MaxMetaspaceSize: unlimited
CompressedClassSpaceSize: 1.00 GB
Initial GC threshold: 21.00 MB
Current GC threshold: 58.38 MB
CDS: off
MetaspaceReclaimPolicy: balanced
 - commit_granule_bytes: 65536.
 - commit_granule_words: 8192.
 - virtual_space_node_default_size: 8388608.
 - enlarge_chunks_in_place: 1.
 - new_chunks_are_fully_committed: 0.
 - uncommit_free_chunks: 1.
 - use_allocation_guard: 0.
 - handle_deallocations: 1.


Internal statistics:

num_allocs_failed_limit: 6.
num_arena_births: 472.
num_arena_deaths: 14.
num_vsnodes_births: 2.
num_vsnodes_deaths: 0.
num_space_committed: 783.
num_space_uncommitted: 0.
num_chunks_returned_to_freelist: 20.
num_chunks_taken_from_freelist: 2156.
num_chunk_merges: 11.
num_chunk_splits: 1403.
num_chunks_enlarged: 923.
num_inconsistent_stats: 0.

CodeHeap 'non-profiled nmethods': size=120064Kb used=2521Kb max_used=3024Kb free=117542Kb
 bounds [0x000002334dad0000, 0x000002334ddd0000, 0x0000023355010000]
CodeHeap 'profiled nmethods': size=120000Kb used=9210Kb max_used=11190Kb free=110789Kb
 bounds [0x0000023346010000, 0x0000023346b00000, 0x000002334d540000]
CodeHeap 'non-nmethods': size=5696Kb used=1336Kb max_used=1390Kb free=4359Kb
 bounds [0x000002334d540000, 0x000002334d7b0000, 0x000002334dad0000]
 total_blobs=5029 nmethods=4349 adapters=594
 compilation: enabled
              stopped_count=0, restarted_count=0
 full_count=0

Compilation events (20 events):
Event: 157.576 Thread 0x0000023357200630 nmethod 5253 0x0000023346364b90 code [0x0000023346364d40, 0x0000023346365068]
Event: 157.592 Thread 0x000002335719cbf0 5254       4       com.google.gson.stream.JsonReader::nextQuotedValue (270 bytes)
Event: 157.592 Thread 0x0000023357200630 5255       3       java.util.LinkedHashMap::get (29 bytes)
Event: 157.592 Thread 0x0000023357200630 nmethod 5255 0x0000023346896f90 code [0x0000023346897140, 0x00000233468973f8]
Event: 157.594 Thread 0x0000023357200630 5256       1       sun.util.calendar.BaseCalendar$Date::getCachedJan1 (5 bytes)
Event: 157.594 Thread 0x0000023357200630 nmethod 5256 0x000002334dd7da90 code [0x000002334dd7dc20, 0x000002334dd7dcf8]
Event: 157.595 Thread 0x0000023357200630 5257       1       com.google.gson.internal.$Gson$Types$ParameterizedTypeImpl::getOwnerType (5 bytes)
Event: 157.595 Thread 0x0000023357200630 nmethod 5257 0x000002334dd7d610 code [0x000002334dd7d7a0, 0x000002334dd7d878]
Event: 157.595 Thread 0x0000023357200630 5258       3       sun.reflect.annotation.AnnotationInvocationHandler::<init> (71 bytes)
Event: 157.596 Thread 0x0000023357200630 nmethod 5258 0x00000233461d9a10 code [0x00000233461d9c80, 0x00000233461da658]
Event: 157.596 Thread 0x0000023357200630 5259       1       com.google.gson.stream.JsonReader::setLenient (6 bytes)
Event: 157.597 Thread 0x0000023357200630 nmethod 5259 0x000002334db2cc10 code [0x000002334db2cda0, 0x000002334db2ce78]
Event: 157.597 Thread 0x0000023357200630 5260   !   3       jdk.internal.reflect.NativeMethodAccessorImpl::invoke (137 bytes)
Event: 157.598 Thread 0x0000023357200630 nmethod 5260 0x0000023346024c90 code [0x0000023346024ee0, 0x0000023346025aa8]
Event: 157.598 Thread 0x0000023357200630 5262       1       org.eclipse.core.runtime.Status::getMessage (5 bytes)
Event: 157.598 Thread 0x0000023357200630 nmethod 5262 0x000002334db2c310 code [0x000002334db2c4a0, 0x000002334db2c578]
Event: 157.598 Thread 0x0000023357200630 5263       1       org.eclipse.core.runtime.Status::getException (5 bytes)
Event: 157.598 Thread 0x0000023357200630 nmethod 5263 0x000002334db1ce10 code [0x000002334db1cfa0, 0x000002334db1d078]
Event: 157.598 Thread 0x0000023357200630 5264   !   3       org.eclipse.osgi.internal.log.ExtendedLogReaderServiceFactory::safeIsLoggable (30 bytes)
Event: 157.599 Thread 0x0000023357200630 nmethod 5264 0x00000233462b8a10 code [0x00000233462b8c00, 0x00000233462b9208]

GC Heap History (20 events):
Event: 27.120 GC heap before
{Heap before GC invocations=16 (full 2):
 PSYoungGen      total 23040K, used 22618K [0x00000000eab00000, 0x00000000ec580000, 0x0000000100000000)
  eden space 22016K, 100% used [0x00000000eab00000,0x00000000ec080000,0x00000000ec080000)
  from space 1024K, 58% used [0x00000000ec080000,0x00000000ec116a80,0x00000000ec180000)
  to   space 2048K, 0% used [0x00000000ec380000,0x00000000ec380000,0x00000000ec580000)
 ParOldGen       total 68608K, used 17306K [0x00000000c0000000, 0x00000000c4300000, 0x00000000eab00000)
  object space 68608K, 25% used [0x00000000c0000000,0x00000000c10e6bb8,0x00000000c4300000)
 Metaspace       used 43467K, committed 44352K, reserved 1114112K
  class space    used 4414K, committed 4800K, reserved 1048576K
}
Event: 27.123 GC heap after
{Heap after GC invocations=16 (full 2):
 PSYoungGen      total 23040K, used 544K [0x00000000eab00000, 0x00000000ec480000, 0x0000000100000000)
  eden space 22016K, 0% used [0x00000000eab00000,0x00000000eab00000,0x00000000ec080000)
  from space 1024K, 53% used [0x00000000ec380000,0x00000000ec408000,0x00000000ec480000)
  to   space 1024K, 0% used [0x00000000ec080000,0x00000000ec080000,0x00000000ec180000)
 ParOldGen       total 68608K, used 17322K [0x00000000c0000000, 0x00000000c4300000, 0x00000000eab00000)
  object space 68608K, 25% used [0x00000000c0000000,0x00000000c10eabb8,0x00000000c4300000)
 Metaspace       used 43467K, committed 44352K, reserved 1114112K
  class space    used 4414K, committed 4800K, reserved 1048576K
}
Event: 27.923 GC heap before
{Heap before GC invocations=17 (full 2):
 PSYoungGen      total 23040K, used 22560K [0x00000000eab00000, 0x00000000ec480000, 0x0000000100000000)
  eden space 22016K, 100% used [0x00000000eab00000,0x00000000ec080000,0x00000000ec080000)
  from space 1024K, 53% used [0x00000000ec380000,0x00000000ec408000,0x00000000ec480000)
  to   space 1024K, 0% used [0x00000000ec080000,0x00000000ec080000,0x00000000ec180000)
 ParOldGen       total 68608K, used 17322K [0x00000000c0000000, 0x00000000c4300000, 0x00000000eab00000)
  object space 68608K, 25% used [0x00000000c0000000,0x00000000c10eabb8,0x00000000c4300000)
 Metaspace       used 43990K, committed 44864K, reserved 1114112K
  class space    used 4478K, committed 4864K, reserved 1048576K
}
Event: 27.935 GC heap after
{Heap after GC invocations=17 (full 2):
 PSYoungGen      total 23040K, used 992K [0x00000000eab00000, 0x00000000ec680000, 0x0000000100000000)
  eden space 22016K, 0% used [0x00000000eab00000,0x00000000eab00000,0x00000000ec080000)
  from space 1024K, 96% used [0x00000000ec080000,0x00000000ec178020,0x00000000ec180000)
  to   space 3072K, 0% used [0x00000000ec380000,0x00000000ec380000,0x00000000ec680000)
 ParOldGen       total 68608K, used 18729K [0x00000000c0000000, 0x00000000c4300000, 0x00000000eab00000)
  object space 68608K, 27% used [0x00000000c0000000,0x00000000c124a420,0x00000000c4300000)
 Metaspace       used 43990K, committed 44864K, reserved 1114112K
  class space    used 4478K, committed 4864K, reserved 1048576K
}
Event: 28.382 GC heap before
{Heap before GC invocations=18 (full 2):
 PSYoungGen      total 23040K, used 23008K [0x00000000eab00000, 0x00000000ec680000, 0x0000000100000000)
  eden space 22016K, 100% used [0x00000000eab00000,0x00000000ec080000,0x00000000ec080000)
  from space 1024K, 96% used [0x00000000ec080000,0x00000000ec178020,0x00000000ec180000)
  to   space 3072K, 0% used [0x00000000ec380000,0x00000000ec380000,0x00000000ec680000)
 ParOldGen       total 68608K, used 18729K [0x00000000c0000000, 0x00000000c4300000, 0x00000000eab00000)
  object space 68608K, 27% used [0x00000000c0000000,0x00000000c124a420,0x00000000c4300000)
 Metaspace       used 44047K, committed 44928K, reserved 1114112K
  class space    used 4482K, committed 4864K, reserved 1048576K
}
Event: 28.389 GC heap after
{Heap after GC invocations=18 (full 2):
 PSYoungGen      total 24064K, used 1888K [0x00000000eab00000, 0x00000000ec580000, 0x0000000100000000)
  eden space 22016K, 0% used [0x00000000eab00000,0x00000000eab00000,0x00000000ec080000)
  from space 2048K, 92% used [0x00000000ec380000,0x00000000ec558010,0x00000000ec580000)
  to   space 2560K, 0% used [0x00000000ec080000,0x00000000ec080000,0x00000000ec300000)
 ParOldGen       total 68608K, used 19697K [0x00000000c0000000, 0x00000000c4300000, 0x00000000eab00000)
  object space 68608K, 28% used [0x00000000c0000000,0x00000000c133c430,0x00000000c4300000)
 Metaspace       used 44047K, committed 44928K, reserved 1114112K
  class space    used 4482K, committed 4864K, reserved 1048576K
}
Event: 32.046 GC heap before
{Heap before GC invocations=19 (full 2):
 PSYoungGen      total 24064K, used 23904K [0x00000000eab00000, 0x00000000ec580000, 0x0000000100000000)
  eden space 22016K, 100% used [0x00000000eab00000,0x00000000ec080000,0x00000000ec080000)
  from space 2048K, 92% used [0x00000000ec380000,0x00000000ec558010,0x00000000ec580000)
  to   space 2560K, 0% used [0x00000000ec080000,0x00000000ec080000,0x00000000ec300000)
 ParOldGen       total 68608K, used 19697K [0x00000000c0000000, 0x00000000c4300000, 0x00000000eab00000)
  object space 68608K, 28% used [0x00000000c0000000,0x00000000c133c430,0x00000000c4300000)
 Metaspace       used 44575K, committed 45376K, reserved 1114112K
  class space    used 4533K, committed 4864K, reserved 1048576K
}
Event: 32.053 GC heap after
{Heap after GC invocations=19 (full 2):
 PSYoungGen      total 24576K, used 2349K [0x00000000eab00000, 0x00000000ec580000, 0x0000000100000000)
  eden space 22016K, 0% used [0x00000000eab00000,0x00000000eab00000,0x00000000ec080000)
  from space 2560K, 91% used [0x00000000ec080000,0x00000000ec2cb520,0x00000000ec300000)
  to   space 2560K, 0% used [0x00000000ec300000,0x00000000ec300000,0x00000000ec580000)
 ParOldGen       total 68608K, used 21289K [0x00000000c0000000, 0x00000000c4300000, 0x00000000eab00000)
  object space 68608K, 31% used [0x00000000c0000000,0x00000000c14ca430,0x00000000c4300000)
 Metaspace       used 44575K, committed 45376K, reserved 1114112K
  class space    used 4533K, committed 4864K, reserved 1048576K
}
Event: 32.683 GC heap before
{Heap before GC invocations=20 (full 2):
 PSYoungGen      total 24576K, used 24365K [0x00000000eab00000, 0x00000000ec580000, 0x0000000100000000)
  eden space 22016K, 100% used [0x00000000eab00000,0x00000000ec080000,0x00000000ec080000)
  from space 2560K, 91% used [0x00000000ec080000,0x00000000ec2cb520,0x00000000ec300000)
  to   space 2560K, 0% used [0x00000000ec300000,0x00000000ec300000,0x00000000ec580000)
 ParOldGen       total 68608K, used 21289K [0x00000000c0000000, 0x00000000c4300000, 0x00000000eab00000)
  object space 68608K, 31% used [0x00000000c0000000,0x00000000c14ca430,0x00000000c4300000)
 Metaspace       used 45033K, committed 45824K, reserved 1114112K
  class space    used 4575K, committed 4928K, reserved 1048576K
}
Event: 32.693 GC heap after
{Heap after GC invocations=20 (full 2):
 PSYoungGen      total 24064K, used 1824K [0x00000000eab00000, 0x00000000ec500000, 0x0000000100000000)
  eden space 22016K, 0% used [0x00000000eab00000,0x00000000eab00000,0x00000000ec080000)
  from space 2048K, 89% used [0x00000000ec300000,0x00000000ec4c8020,0x00000000ec500000)
  to   space 2048K, 0% used [0x00000000ec100000,0x00000000ec100000,0x00000000ec300000)
 ParOldGen       total 68608K, used 23617K [0x00000000c0000000, 0x00000000c4300000, 0x00000000eab00000)
  object space 68608K, 34% used [0x00000000c0000000,0x00000000c1710790,0x00000000c4300000)
 Metaspace       used 45033K, committed 45824K, reserved 1114112K
  class space    used 4575K, committed 4928K, reserved 1048576K
}
Event: 33.447 GC heap before
{Heap before GC invocations=21 (full 2):
 PSYoungGen      total 24064K, used 23840K [0x00000000eab00000, 0x00000000ec500000, 0x0000000100000000)
  eden space 22016K, 100% used [0x00000000eab00000,0x00000000ec080000,0x00000000ec080000)
  from space 2048K, 89% used [0x00000000ec300000,0x00000000ec4c8020,0x00000000ec500000)
  to   space 2048K, 0% used [0x00000000ec100000,0x00000000ec100000,0x00000000ec300000)
 ParOldGen       total 68608K, used 23617K [0x00000000c0000000, 0x00000000c4300000, 0x00000000eab00000)
  object space 68608K, 34% used [0x00000000c0000000,0x00000000c1710790,0x00000000c4300000)
 Metaspace       used 45217K, committed 46016K, reserved 1114112K
  class space    used 4589K, committed 4928K, reserved 1048576K
}
Event: 33.454 GC heap after
{Heap after GC invocations=21 (full 2):
 PSYoungGen      total 24064K, used 2048K [0x00000000eab00000, 0x00000000ec580000, 0x0000000100000000)
  eden space 22016K, 0% used [0x00000000eab00000,0x00000000eab00000,0x00000000ec080000)
  from space 2048K, 100% used [0x00000000ec100000,0x00000000ec300000,0x00000000ec300000)
  to   space 2560K, 0% used [0x00000000ec300000,0x00000000ec300000,0x00000000ec580000)
 ParOldGen       total 68608K, used 25263K [0x00000000c0000000, 0x00000000c4300000, 0x00000000eab00000)
  object space 68608K, 36% used [0x00000000c0000000,0x00000000c18abf20,0x00000000c4300000)
 Metaspace       used 45217K, committed 46016K, reserved 1114112K
  class space    used 4589K, committed 4928K, reserved 1048576K
}
Event: 33.538 GC heap before
{Heap before GC invocations=22 (full 2):
 PSYoungGen      total 24064K, used 24064K [0x00000000eab00000, 0x00000000ec580000, 0x0000000100000000)
  eden space 22016K, 100% used [0x00000000eab00000,0x00000000ec080000,0x00000000ec080000)
  from space 2048K, 100% used [0x00000000ec100000,0x00000000ec300000,0x00000000ec300000)
  to   space 2560K, 0% used [0x00000000ec300000,0x00000000ec300000,0x00000000ec580000)
 ParOldGen       total 68608K, used 25263K [0x00000000c0000000, 0x00000000c4300000, 0x00000000eab00000)
  object space 68608K, 36% used [0x00000000c0000000,0x00000000c18abf20,0x00000000c4300000)
 Metaspace       used 45300K, committed 46080K, reserved 1114112K
  class space    used 4590K, committed 4928K, reserved 1048576K
}
Event: 33.553 GC heap after
{Heap after GC invocations=22 (full 2):
 PSYoungGen      total 24576K, used 2080K [0x00000000eab00000, 0x00000000ec580000, 0x0000000100000000)
  eden space 22016K, 0% used [0x00000000eab00000,0x00000000eab00000,0x00000000ec080000)
  from space 2560K, 81% used [0x00000000ec300000,0x00000000ec508010,0x00000000ec580000)
  to   space 2560K, 0% used [0x00000000ec080000,0x00000000ec080000,0x00000000ec300000)
 ParOldGen       total 68608K, used 27095K [0x00000000c0000000, 0x00000000c4300000, 0x00000000eab00000)
  object space 68608K, 39% used [0x00000000c0000000,0x00000000c1a75f20,0x00000000c4300000)
 Metaspace       used 45300K, committed 46080K, reserved 1114112K
  class space    used 4590K, committed 4928K, reserved 1048576K
}
Event: 33.783 GC heap before
{Heap before GC invocations=23 (full 2):
 PSYoungGen      total 24576K, used 24096K [0x00000000eab00000, 0x00000000ec580000, 0x0000000100000000)
  eden space 22016K, 100% used [0x00000000eab00000,0x00000000ec080000,0x00000000ec080000)
  from space 2560K, 81% used [0x00000000ec300000,0x00000000ec508010,0x00000000ec580000)
  to   space 2560K, 0% used [0x00000000ec080000,0x00000000ec080000,0x00000000ec300000)
 ParOldGen       total 68608K, used 27095K [0x00000000c0000000, 0x00000000c4300000, 0x00000000eab00000)
  object space 68608K, 39% used [0x00000000c0000000,0x00000000c1a75f20,0x00000000c4300000)
 Metaspace       used 45405K, committed 46208K, reserved 1114112K
  class space    used 4595K, committed 4928K, reserved 1048576K
}
Event: 33.790 GC heap after
{Heap after GC invocations=23 (full 2):
 PSYoungGen      total 24064K, used 1568K [0x00000000eab00000, 0x00000000ec480000, 0x0000000100000000)
  eden space 22016K, 0% used [0x00000000eab00000,0x00000000eab00000,0x00000000ec080000)
  from space 2048K, 76% used [0x00000000ec080000,0x00000000ec208000,0x00000000ec280000)
  to   space 2048K, 0% used [0x00000000ec280000,0x00000000ec280000,0x00000000ec480000)
 ParOldGen       total 68608K, used 29029K [0x00000000c0000000, 0x00000000c4300000, 0x00000000eab00000)
  object space 68608K, 42% used [0x00000000c0000000,0x00000000c1c597b0,0x00000000c4300000)
 Metaspace       used 45405K, committed 46208K, reserved 1114112K
  class space    used 4595K, committed 4928K, reserved 1048576K
}
Event: 36.972 GC heap before
{Heap before GC invocations=24 (full 2):
 PSYoungGen      total 24064K, used 23584K [0x00000000eab00000, 0x00000000ec480000, 0x0000000100000000)
  eden space 22016K, 100% used [0x00000000eab00000,0x00000000ec080000,0x00000000ec080000)
  from space 2048K, 76% used [0x00000000ec080000,0x00000000ec208000,0x00000000ec280000)
  to   space 2048K, 0% used [0x00000000ec280000,0x00000000ec280000,0x00000000ec480000)
 ParOldGen       total 68608K, used 29029K [0x00000000c0000000, 0x00000000c4300000, 0x00000000eab00000)
  object space 68608K, 42% used [0x00000000c0000000,0x00000000c1c597b0,0x00000000c4300000)
 Metaspace       used 48238K, committed 49088K, reserved 1114112K
  class space    used 4870K, committed 5248K, reserved 1048576K
}
Event: 36.980 GC heap after
{Heap after GC invocations=24 (full 2):
 PSYoungGen      total 23552K, used 1321K [0x00000000eab00000, 0x00000000ec400000, 0x0000000100000000)
  eden space 22016K, 0% used [0x00000000eab00000,0x00000000eab00000,0x00000000ec080000)
  from space 1536K, 86% used [0x00000000ec280000,0x00000000ec3ca5a0,0x00000000ec400000)
  to   space 1536K, 0% used [0x00000000ec100000,0x00000000ec100000,0x00000000ec280000)
 ParOldGen       total 68608K, used 30576K [0x00000000c0000000, 0x00000000c4300000, 0x00000000eab00000)
  object space 68608K, 44% used [0x00000000c0000000,0x00000000c1ddc0b0,0x00000000c4300000)
 Metaspace       used 48238K, committed 49088K, reserved 1114112K
  class space    used 4870K, committed 5248K, reserved 1048576K
}
Event: 157.434 GC heap before
{Heap before GC invocations=25 (full 2):
 PSYoungGen      total 23552K, used 23337K [0x00000000eab00000, 0x00000000ec400000, 0x0000000100000000)
  eden space 22016K, 100% used [0x00000000eab00000,0x00000000ec080000,0x00000000ec080000)
  from space 1536K, 86% used [0x00000000ec280000,0x00000000ec3ca5a0,0x00000000ec400000)
  to   space 1536K, 0% used [0x00000000ec100000,0x00000000ec100000,0x00000000ec280000)
 ParOldGen       total 68608K, used 30576K [0x00000000c0000000, 0x00000000c4300000, 0x00000000eab00000)
  object space 68608K, 44% used [0x00000000c0000000,0x00000000c1ddc1f8,0x00000000c4300000)
 Metaspace       used 48921K, committed 49728K, reserved 1114112K
  class space    used 4941K, committed 5312K, reserved 1048576K
}
Event: 157.440 GC heap after
{Heap after GC invocations=25 (full 2):
 PSYoungGen      total 23040K, used 761K [0x00000000eab00000, 0x00000000ec300000, 0x0000000100000000)
  eden space 22016K, 0% used [0x00000000eab00000,0x00000000eab00000,0x00000000ec080000)
  from space 1024K, 74% used [0x00000000ec100000,0x00000000ec1be510,0x00000000ec200000)
  to   space 1024K, 0% used [0x00000000ec200000,0x00000000ec200000,0x00000000ec300000)
 ParOldGen       total 68608K, used 31857K [0x00000000c0000000, 0x00000000c4300000, 0x00000000eab00000)
  object space 68608K, 46% used [0x00000000c0000000,0x00000000c1f1c7c8,0x00000000c4300000)
 Metaspace       used 48921K, committed 49728K, reserved 1114112K
  class space    used 4941K, committed 5312K, reserved 1048576K
}

Dll operation events (12 events):
Event: 0.011 Loaded shared library c:\Users\Bruno\.vscode\extensions\redhat.java-1.32.0-win32-x64\jre\17.0.11-win32-x86_64\bin\java.dll
Event: 0.580 Loaded shared library c:\Users\Bruno\.vscode\extensions\redhat.java-1.32.0-win32-x64\jre\17.0.11-win32-x86_64\bin\zip.dll
Event: 0.586 Loaded shared library C:\Users\Bruno\.vscode\extensions\redhat.java-1.32.0-win32-x64\jre\17.0.11-win32-x86_64\bin\instrument.dll
Event: 0.610 Loaded shared library C:\Users\Bruno\.vscode\extensions\redhat.java-1.32.0-win32-x64\jre\17.0.11-win32-x86_64\bin\net.dll
Event: 0.612 Loaded shared library C:\Users\Bruno\.vscode\extensions\redhat.java-1.32.0-win32-x64\jre\17.0.11-win32-x86_64\bin\nio.dll
Event: 0.622 Loaded shared library C:\Users\Bruno\.vscode\extensions\redhat.java-1.32.0-win32-x64\jre\17.0.11-win32-x86_64\bin\zip.dll
Event: 0.667 Loaded shared library C:\Users\Bruno\.vscode\extensions\redhat.java-1.32.0-win32-x64\jre\17.0.11-win32-x86_64\bin\jimage.dll
Event: 0.846 Loaded shared library c:\Users\Bruno\.vscode\extensions\redhat.java-1.32.0-win32-x64\jre\17.0.11-win32-x86_64\bin\verify.dll
Event: 7.525 Loaded shared library C:\Users\Bruno\AppData\Roaming\Code\User\globalStorage\redhat.java\1.32.0\config_ss_win\org.eclipse.equinox.launcher\org.eclipse.equinox.launcher.win32.win32.x86_64_1.2.1100.v20240613-2013\eclipse_11903.dll
Event: 9.921 Loaded shared library C:\Users\Bruno\.vscode\extensions\redhat.java-1.32.0-win32-x64\jre\17.0.11-win32-x86_64\bin\management.dll
Event: 9.929 Loaded shared library C:\Users\Bruno\.vscode\extensions\redhat.java-1.32.0-win32-x64\jre\17.0.11-win32-x86_64\bin\management_ext.dll
Event: 15.920 Loaded shared library C:\Users\Bruno\AppData\Local\Temp\jna-64464518\jna5441954604555592285.dll

Deoptimization events (20 events):
Event: 37.158 Thread 0x000002335d763a80 DEOPT PACKING pc=0x000002334dd103a8 sp=0x00000086fdbfdf80
Event: 37.158 Thread 0x000002335d763a80 DEOPT UNPACKING pc=0x000002334d5966a3 sp=0x00000086fdbfdf88 mode 2
Event: 37.448 Thread 0x000002335d763a80 Uncommon trap: trap_request=0xffffff45 fr.pc=0x000002334dcad344 relative=0x0000000000007864
Event: 37.448 Thread 0x000002335d763a80 Uncommon trap: reason=unstable_if action=reinterpret pc=0x000002334dcad344 method=lombok.patcher.MethodTarget.matches(Ljava/lang/String;Ljava/lang/String;Ljava/lang/String;)Z @ 18 c2
Event: 37.448 Thread 0x000002335d763a80 DEOPT PACKING pc=0x000002334dcad344 sp=0x00000086fdbfa0b0
Event: 37.448 Thread 0x000002335d763a80 DEOPT UNPACKING pc=0x000002334d5966a3 sp=0x00000086fdbf9f60 mode 2
Event: 37.644 Thread 0x000002335d763a80 DEOPT PACKING pc=0x000002334640b044 sp=0x00000086fdbfd9c0
Event: 37.644 Thread 0x000002335d763a80 DEOPT UNPACKING pc=0x000002334d596e43 sp=0x00000086fdbfcf40 mode 0
Event: 157.433 Thread 0x000002335d763a80 Uncommon trap: trap_request=0xffffffde fr.pc=0x000002334db67f28 relative=0x0000000000000728
Event: 157.433 Thread 0x000002335d763a80 Uncommon trap: reason=class_check action=maybe_recompile pc=0x000002334db67f28 method=java.util.HashMap.computeIfAbsent(Ljava/lang/Object;Ljava/util/function/Function;)Ljava/lang/Object; @ 188 c2
Event: 157.433 Thread 0x000002335d763a80 DEOPT PACKING pc=0x000002334db67f28 sp=0x00000086fdbfe660
Event: 157.433 Thread 0x000002335d763a80 DEOPT UNPACKING pc=0x000002334d5966a3 sp=0x00000086fdbfe5f8 mode 2
Event: 157.453 Thread 0x000002335d763a80 Uncommon trap: trap_request=0xffffff45 fr.pc=0x000002334ddaa15c relative=0x0000000000000b9c
Event: 157.453 Thread 0x000002335d763a80 Uncommon trap: reason=unstable_if action=reinterpret pc=0x000002334ddaa15c method=org.eclipse.jdt.core.compiler.CharOperation.splitOn(C[CII)[[C @ 19 c2
Event: 157.453 Thread 0x000002335d763a80 DEOPT PACKING pc=0x000002334ddaa15c sp=0x00000086fdbfe200
Event: 157.453 Thread 0x000002335d763a80 DEOPT UNPACKING pc=0x000002334d5966a3 sp=0x00000086fdbfe1c8 mode 2
Event: 157.484 Thread 0x000002335d763a80 Uncommon trap: trap_request=0xffffff45 fr.pc=0x000002334dd1daac relative=0x000000000000026c
Event: 157.484 Thread 0x000002335d763a80 Uncommon trap: reason=unstable_if action=reinterpret pc=0x000002334dd1daac method=jdk.internal.jimage.ImageStringsReader.stringFromByteBufferMatches(Ljava/nio/ByteBuffer;ILjava/lang/String;I)I @ 59 c2
Event: 157.484 Thread 0x000002335d763a80 DEOPT PACKING pc=0x000002334dd1daac sp=0x00000086fdbfd200
Event: 157.484 Thread 0x000002335d763a80 DEOPT UNPACKING pc=0x000002334d5966a3 sp=0x00000086fdbfd178 mode 2

Classes unloaded (7 events):
Event: 10.574 Thread 0x0000023357164340 Unloading class 0x000000010021a400 'java/lang/invoke/LambdaForm$MH+0x000000010021a400'
Event: 10.574 Thread 0x0000023357164340 Unloading class 0x000000010021a000 'java/lang/invoke/LambdaForm$MH+0x000000010021a000'
Event: 10.574 Thread 0x0000023357164340 Unloading class 0x0000000100219c00 'java/lang/invoke/LambdaForm$MH+0x0000000100219c00'
Event: 10.574 Thread 0x0000023357164340 Unloading class 0x0000000100219800 'java/lang/invoke/LambdaForm$MH+0x0000000100219800'
Event: 10.574 Thread 0x0000023357164340 Unloading class 0x0000000100219400 'java/lang/invoke/LambdaForm$BMH+0x0000000100219400'
Event: 10.574 Thread 0x0000023357164340 Unloading class 0x0000000100219000 'java/lang/invoke/LambdaForm$DMH+0x0000000100219000'
Event: 10.574 Thread 0x0000023357164340 Unloading class 0x0000000100214400 'java/lang/invoke/LambdaForm$DMH+0x0000000100214400'

Classes redefined (0 events):
No events

Internal exceptions (20 events):
Event: 33.969 Thread 0x000002335cbcd400 Exception <a 'java/lang/NoSuchMethodError'{0x00000000eb276730}: 'int java.lang.invoke.DirectMethodHandle$Holder.invokeStatic(java.lang.Object, java.lang.Object, java.lang.Object, int)'> (0x00000000eb276730) 
thrown [s\src\hotspot\share\interpreter\linkResolver.cpp, line 759]
Event: 34.232 Thread 0x000002335cbcd400 Implicit null exception at 0x000002334dd8411b to 0x000002334dd8426c
Event: 34.279 Thread 0x000002335cbcd400 Exception <a 'java/io/FileNotFoundException'{0x00000000eb6b8600}> (0x00000000eb6b8600) 
thrown [s\src\hotspot\share\prims\jni.cpp, line 516]
Event: 34.280 Thread 0x000002335cbcd400 Exception <a 'java/io/FileNotFoundException'{0x00000000eb6b98f0}> (0x00000000eb6b98f0) 
thrown [s\src\hotspot\share\prims\jni.cpp, line 516]
Event: 35.867 Thread 0x000002335cbcd400 Exception <a 'java/io/FileNotFoundException'{0x00000000ebdc1130}> (0x00000000ebdc1130) 
thrown [s\src\hotspot\share\prims\jni.cpp, line 516]
Event: 35.870 Thread 0x000002335cbcd400 Exception <a 'java/io/FileNotFoundException'{0x00000000ebdc2160}> (0x00000000ebdc2160) 
thrown [s\src\hotspot\share\prims\jni.cpp, line 516]
Event: 35.871 Thread 0x000002335cbcd400 Exception <a 'java/io/FileNotFoundException'{0x00000000ebdc2f08}> (0x00000000ebdc2f08) 
thrown [s\src\hotspot\share\prims\jni.cpp, line 516]
Event: 36.947 Thread 0x000002335d763a80 Exception <a 'java/lang/NoSuchMethodError'{0x00000000ebfe8108}: 'int java.lang.invoke.DirectMethodHandle$Holder.invokeStatic(java.lang.Object)'> (0x00000000ebfe8108) 
thrown [s\src\hotspot\share\interpreter\linkResolver.cpp, line 759]
Event: 37.415 Thread 0x000002335d763a80 Exception <a 'java/lang/NoSuchMethodError'{0x00000000eba24e20}: 'java.lang.Object java.lang.invoke.DirectMethodHandle$Holder.invokeVirtual(java.lang.Object, java.lang.Object, java.lang.Object)'> (0x00000000eba24e20) 
thrown [s\src\hotspot\share\interpreter\linkResolver.cpp, line 759]
Event: 37.645 Thread 0x000002335d763a80 Exception <a 'sun/nio/fs/WindowsException'{0x00000000ebb91a70}> (0x00000000ebb91a70) 
thrown [s\src\hotspot\share\prims\jni.cpp, line 516]
Event: 37.683 Thread 0x000002335d763a80 Exception <a 'sun/nio/fs/WindowsException'{0x00000000ebbc0210}> (0x00000000ebbc0210) 
thrown [s\src\hotspot\share\prims\jni.cpp, line 516]
Event: 37.684 Thread 0x000002335d763a80 Exception <a 'sun/nio/fs/WindowsException'{0x00000000ebbc0a38}> (0x00000000ebbc0a38) 
thrown [s\src\hotspot\share\prims\jni.cpp, line 516]
Event: 37.696 Thread 0x000002335d763a80 Exception <a 'sun/nio/fs/WindowsException'{0x00000000ebbf65f0}> (0x00000000ebbf65f0) 
thrown [s\src\hotspot\share\prims\jni.cpp, line 516]
Event: 37.697 Thread 0x000002335d763a80 Exception <a 'sun/nio/fs/WindowsException'{0x00000000ebbf6bb0}> (0x00000000ebbf6bb0) 
thrown [s\src\hotspot\share\prims\jni.cpp, line 516]
Event: 37.875 Thread 0x000002335d767230 Exception <a 'sun/nio/fs/WindowsException'{0x00000000ebc7bf88}> (0x00000000ebc7bf88) 
thrown [s\src\hotspot\share\prims\jni.cpp, line 516]
Event: 37.879 Thread 0x000002335d763a80 Exception <a 'sun/nio/fs/WindowsException'{0x00000000ebc9c2d0}> (0x00000000ebc9c2d0) 
thrown [s\src\hotspot\share\prims\jni.cpp, line 516]
Event: 37.880 Thread 0x000002335d763a80 Exception <a 'sun/nio/fs/WindowsException'{0x00000000ebcb1620}> (0x00000000ebcb1620) 
thrown [s\src\hotspot\share\prims\jni.cpp, line 516]
Event: 38.915 Thread 0x000002335cbcbab0 Exception <a 'java/lang/NoSuchMethodError'{0x00000000ebe3a4a0}: 'java.lang.Object java.lang.invoke.DirectMethodHandle$Holder.newInvokeSpecial(java.lang.Object, java.lang.Object, java.lang.Object, java.lang.Object, java.lang.Object, java.lang.Object)'> (0x00000000ebe3a4a0) 
thrown [s\src\hotspot\share\interpreter\linkResolver.cpp, line 759]
Event: 38.928 Thread 0x000002335cbcbab0 Exception <a 'sun/nio/fs/WindowsException'{0x00000000ebe7f638}> (0x00000000ebe7f638) 
thrown [s\src\hotspot\share\prims\jni.cpp, line 516]
Event: 38.928 Thread 0x000002335cbcbab0 Exception <a 'sun/nio/fs/WindowsException'{0x00000000ebe7fc18}> (0x00000000ebe7fc18) 
thrown [s\src\hotspot\share\prims\jni.cpp, line 516]

VM Operations (20 events):
Event: 37.448 Executing VM operation: HandshakeAllThreads
Event: 37.449 Executing VM operation: HandshakeAllThreads done
Event: 37.843 Executing VM operation: HandshakeAllThreads
Event: 37.859 Executing VM operation: HandshakeAllThreads done
Event: 38.860 Executing VM operation: Cleanup
Event: 38.860 Executing VM operation: Cleanup done
Event: 40.873 Executing VM operation: Cleanup
Event: 40.873 Executing VM operation: Cleanup done
Event: 60.040 Executing VM operation: HandshakeAllThreads
Event: 60.040 Executing VM operation: HandshakeAllThreads done
Event: 157.434 Executing VM operation: ParallelGCFailedAllocation
Event: 157.434 Executing VM operation: ParallelGCFailedAllocation done
Event: 157.434 Executing VM operation: ParallelGCSystemGC
Event: 157.440 Executing VM operation: ParallelGCSystemGC done
Event: 157.459 Executing VM operation: HandshakeAllThreads
Event: 157.459 Executing VM operation: HandshakeAllThreads done
Event: 157.460 Executing VM operation: HandshakeAllThreads
Event: 157.460 Executing VM operation: HandshakeAllThreads done
Event: 157.479 Executing VM operation: HandshakeAllThreads
Event: 157.479 Executing VM operation: HandshakeAllThreads done

Events (20 events):
Event: 38.250 loading class java/util/concurrent/CompletionException
Event: 38.251 loading class java/util/concurrent/CompletionException done
Event: 38.260 Thread 0x000002335d767230 Thread exited: 0x000002335d767230
Event: 99.374 Thread 0x000002335cbcd400 Thread exited: 0x000002335cbcd400
Event: 157.325 loading class sun/nio/cs/ThreadLocalCoders
Event: 157.326 loading class sun/nio/cs/ThreadLocalCoders done
Event: 157.326 loading class sun/nio/cs/ThreadLocalCoders$1
Event: 157.326 loading class sun/nio/cs/ThreadLocalCoders$Cache
Event: 157.326 loading class sun/nio/cs/ThreadLocalCoders$Cache done
Event: 157.326 loading class sun/nio/cs/ThreadLocalCoders$1 done
Event: 157.326 loading class sun/nio/cs/ThreadLocalCoders$2
Event: 157.326 loading class sun/nio/cs/ThreadLocalCoders$2 done
Event: 157.501 loading class java/nio/file/Files$2
Event: 157.501 loading class java/nio/file/Files$2 done
Event: 157.511 Thread 0x000002335d769ab0 Thread added: 0x000002335d769ab0
Event: 157.512 loading class java/util/regex/PatternSyntaxException
Event: 157.512 loading class java/util/regex/PatternSyntaxException done
Event: 157.567 Thread 0x000002335d769ab0 Thread exited: 0x000002335d769ab0
Event: 157.594 Thread 0x000002335d767230 Thread added: 0x000002335d767230
Event: 157.601 Thread 0x000002335d763f90 Thread added: 0x000002335d763f90


Dynamic libraries:
0x00007ff7c1180000 - 0x00007ff7c118e000 	c:\Users\Bruno\.vscode\extensions\redhat.java-1.32.0-win32-x64\jre\17.0.11-win32-x86_64\bin\java.exe
0x00007ffb0d0d0000 - 0x00007ffb0d2c8000 	C:\WINDOWS\SYSTEM32\ntdll.dll
0x00007ffb0cde0000 - 0x00007ffb0cea1000 	C:\WINDOWS\System32\KERNEL32.DLL
0x00007ffb0a8e0000 - 0x00007ffb0abd6000 	C:\WINDOWS\System32\KERNELBASE.dll
0x00007ffb0b000000 - 0x00007ffb0b100000 	C:\WINDOWS\System32\ucrtbase.dll
0x00007ffaf96a0000 - 0x00007ffaf96b7000 	c:\Users\Bruno\.vscode\extensions\redhat.java-1.32.0-win32-x64\jre\17.0.11-win32-x86_64\bin\jli.dll
0x00007ffb0b680000 - 0x00007ffb0b81f000 	C:\WINDOWS\System32\USER32.dll
0x00007ffb0ac70000 - 0x00007ffb0ac92000 	C:\WINDOWS\System32\win32u.dll
0x00007ffb0b8f0000 - 0x00007ffb0b91b000 	C:\WINDOWS\System32\GDI32.dll
0x00007ffb0aca0000 - 0x00007ffb0adb7000 	C:\WINDOWS\System32\gdi32full.dll
0x00007ffb0ae10000 - 0x00007ffb0aead000 	C:\WINDOWS\System32\msvcp_win.dll
0x00007ffaf9680000 - 0x00007ffaf969b000 	c:\Users\Bruno\.vscode\extensions\redhat.java-1.32.0-win32-x64\jre\17.0.11-win32-x86_64\bin\VCRUNTIME140.dll
0x00007ffafbd20000 - 0x00007ffafbfba000 	C:\WINDOWS\WinSxS\amd64_microsoft.windows.common-controls_6595b64144ccf1df_6.0.19041.4355_none_60b8b9eb71f62e16\COMCTL32.dll
0x00007ffb0c800000 - 0x00007ffb0c89e000 	C:\WINDOWS\System32\msvcrt.dll
0x00007ffb0c770000 - 0x00007ffb0c79f000 	C:\WINDOWS\System32\IMM32.DLL
0x00007ffafa780000 - 0x00007ffafa78c000 	c:\Users\Bruno\.vscode\extensions\redhat.java-1.32.0-win32-x64\jre\17.0.11-win32-x86_64\bin\vcruntime140_1.dll
0x00007ffae9fd0000 - 0x00007ffaea05d000 	c:\Users\Bruno\.vscode\extensions\redhat.java-1.32.0-win32-x64\jre\17.0.11-win32-x86_64\bin\msvcp140.dll
0x00007ffa9e800000 - 0x00007ffa9f462000 	c:\Users\Bruno\.vscode\extensions\redhat.java-1.32.0-win32-x64\jre\17.0.11-win32-x86_64\bin\server\jvm.dll
0x00007ffb0cd30000 - 0x00007ffb0cde0000 	C:\WINDOWS\System32\ADVAPI32.dll
0x00007ffb0c630000 - 0x00007ffb0c6d0000 	C:\WINDOWS\System32\sechost.dll
0x00007ffb0c8a0000 - 0x00007ffb0c9c3000 	C:\WINDOWS\System32\RPCRT4.dll
0x00007ffb0afd0000 - 0x00007ffb0aff7000 	C:\WINDOWS\System32\bcrypt.dll
0x00007ffb0a5d0000 - 0x00007ffb0a61b000 	C:\WINDOWS\SYSTEM32\POWRPROF.dll
0x00007ffaf98a0000 - 0x00007ffaf98a9000 	C:\WINDOWS\SYSTEM32\WSOCK32.dll
0x00007ffb0c9e0000 - 0x00007ffb0ca4b000 	C:\WINDOWS\System32\WS2_32.dll
0x00007ffb00080000 - 0x00007ffb000a7000 	C:\WINDOWS\SYSTEM32\WINMM.dll
0x00007ffb025e0000 - 0x00007ffb025ea000 	C:\WINDOWS\SYSTEM32\VERSION.dll
0x00007ffb0a5b0000 - 0x00007ffb0a5c2000 	C:\WINDOWS\SYSTEM32\UMPDC.dll
0x00007ffb090f0000 - 0x00007ffb09102000 	C:\WINDOWS\SYSTEM32\kernel.appcore.dll
0x00007ffaf95e0000 - 0x00007ffaf95ea000 	c:\Users\Bruno\.vscode\extensions\redhat.java-1.32.0-win32-x64\jre\17.0.11-win32-x86_64\bin\jimage.dll
0x00007ffaf7530000 - 0x00007ffaf7714000 	C:\WINDOWS\SYSTEM32\DBGHELP.DLL
0x00007ffaf74e0000 - 0x00007ffaf7514000 	C:\WINDOWS\SYSTEM32\dbgcore.DLL
0x00007ffb0abe0000 - 0x00007ffb0ac62000 	C:\WINDOWS\System32\bcryptPrimitives.dll
0x00007ffaf95d0000 - 0x00007ffaf95de000 	c:\Users\Bruno\.vscode\extensions\redhat.java-1.32.0-win32-x64\jre\17.0.11-win32-x86_64\bin\instrument.dll
0x00007ffaf8cf0000 - 0x00007ffaf8d15000 	c:\Users\Bruno\.vscode\extensions\redhat.java-1.32.0-win32-x64\jre\17.0.11-win32-x86_64\bin\java.dll
0x00007ffaf93e0000 - 0x00007ffaf93f8000 	c:\Users\Bruno\.vscode\extensions\redhat.java-1.32.0-win32-x64\jre\17.0.11-win32-x86_64\bin\zip.dll
0x00007ffb0ba50000 - 0x00007ffb0c1bc000 	C:\WINDOWS\System32\SHELL32.dll
0x00007ffb048d0000 - 0x00007ffb0506e000 	C:\WINDOWS\SYSTEM32\windows.storage.dll
0x00007ffb0b1e0000 - 0x00007ffb0b533000 	C:\WINDOWS\System32\combase.dll
0x00007ffb0a0d0000 - 0x00007ffb0a0fe000 	C:\WINDOWS\SYSTEM32\Wldp.dll
0x00007ffb0ca50000 - 0x00007ffb0cb1d000 	C:\WINDOWS\System32\OLEAUT32.dll
0x00007ffb0b540000 - 0x00007ffb0b5ed000 	C:\WINDOWS\System32\SHCORE.dll
0x00007ffb0cb20000 - 0x00007ffb0cb75000 	C:\WINDOWS\System32\shlwapi.dll
0x00007ffb0a6b0000 - 0x00007ffb0a6d4000 	C:\WINDOWS\SYSTEM32\profapi.dll
0x00007ffaf8d50000 - 0x00007ffaf8d69000 	C:\Users\Bruno\.vscode\extensions\redhat.java-1.32.0-win32-x64\jre\17.0.11-win32-x86_64\bin\net.dll
0x00007ffb02240000 - 0x00007ffb0234a000 	C:\WINDOWS\SYSTEM32\WINHTTP.dll
0x00007ffb09e30000 - 0x00007ffb09e9a000 	C:\WINDOWS\system32\mswsock.dll
0x00007ffaf8cd0000 - 0x00007ffaf8ce6000 	C:\Users\Bruno\.vscode\extensions\redhat.java-1.32.0-win32-x64\jre\17.0.11-win32-x86_64\bin\nio.dll
0x00007ffaf95c0000 - 0x00007ffaf95d0000 	c:\Users\Bruno\.vscode\extensions\redhat.java-1.32.0-win32-x64\jre\17.0.11-win32-x86_64\bin\verify.dll
0x00007ffaf9500000 - 0x00007ffaf9544000 	C:\Users\Bruno\AppData\Roaming\Code\User\globalStorage\redhat.java\1.32.0\config_ss_win\org.eclipse.equinox.launcher\org.eclipse.equinox.launcher.win32.win32.x86_64_1.2.1100.v20240613-2013\eclipse_11903.dll
0x00007ffb0b920000 - 0x00007ffb0ba4b000 	C:\WINDOWS\System32\ole32.dll
0x00007ffaf96e0000 - 0x00007ffaf96e9000 	C:\Users\Bruno\.vscode\extensions\redhat.java-1.32.0-win32-x64\jre\17.0.11-win32-x86_64\bin\management.dll
0x00007ffaf94f0000 - 0x00007ffaf94fb000 	C:\Users\Bruno\.vscode\extensions\redhat.java-1.32.0-win32-x64\jre\17.0.11-win32-x86_64\bin\management_ext.dll
0x00007ffb0b670000 - 0x00007ffb0b678000 	C:\WINDOWS\System32\PSAPI.DLL
0x00007ffb0a020000 - 0x00007ffb0a038000 	C:\WINDOWS\SYSTEM32\CRYPTSP.dll
0x00007ffb09750000 - 0x00007ffb09784000 	C:\WINDOWS\system32\rsaenh.dll
0x00007ffb0a620000 - 0x00007ffb0a64e000 	C:\WINDOWS\SYSTEM32\USERENV.dll
0x00007ffb0a040000 - 0x00007ffb0a04c000 	C:\WINDOWS\SYSTEM32\CRYPTBASE.dll
0x00007ffb09b10000 - 0x00007ffb09b4b000 	C:\WINDOWS\SYSTEM32\IPHLPAPI.DLL
0x00007ffb0c9d0000 - 0x00007ffb0c9d8000 	C:\WINDOWS\System32\NSI.dll
0x00007ffb02900000 - 0x00007ffb02917000 	C:\WINDOWS\SYSTEM32\dhcpcsvc6.DLL
0x00007ffb040b0000 - 0x00007ffb040cd000 	C:\WINDOWS\SYSTEM32\dhcpcsvc.DLL
0x00007ffb09b50000 - 0x00007ffb09c1a000 	C:\WINDOWS\SYSTEM32\DNSAPI.dll
0x00007ffaea270000 - 0x00007ffaea2b5000 	C:\Users\Bruno\AppData\Local\Temp\jna-64464518\jna5441954604555592285.dll

dbghelp: loaded successfully - version: 4.0.5 - missing functions: none
symbol engine: initialized successfully - sym options: 0x614 - pdb path: .;c:\Users\Bruno\.vscode\extensions\redhat.java-1.32.0-win32-x64\jre\17.0.11-win32-x86_64\bin;C:\WINDOWS\SYSTEM32;C:\WINDOWS\WinSxS\amd64_microsoft.windows.common-controls_6595b64144ccf1df_6.0.19041.4355_none_60b8b9eb71f62e16;c:\Users\Bruno\.vscode\extensions\redhat.java-1.32.0-win32-x64\jre\17.0.11-win32-x86_64\bin\server;C:\Users\Bruno\AppData\Roaming\Code\User\globalStorage\redhat.java\1.32.0\config_ss_win\org.eclipse.equinox.launcher\org.eclipse.equinox.launcher.win32.win32.x86_64_1.2.1100.v20240613-2013;C:\Users\Bruno\AppData\Local\Temp\jna-64464518

VM Arguments:
jvm_args: --add-modules=ALL-SYSTEM --add-opens=java.base/java.util=ALL-UNNAMED --add-opens=java.base/java.lang=ALL-UNNAMED --add-opens=java.base/sun.nio.fs=ALL-UNNAMED -Declipse.application=org.eclipse.jdt.ls.core.id1 -Dosgi.bundles.defaultStartLevel=4 -Declipse.product=org.eclipse.jdt.ls.core.product -Djava.import.generatesMetadataFilesAtProjectRoot=false -DDetectVMInstallationsJob.disabled=true -Dfile.encoding=utf8 -XX:+UseParallelGC -XX:GCTimeRatio=4 -XX:AdaptiveSizePolicyWeight=90 -Dsun.zip.disableMemoryMapping=true -Xmx1G -Xms100m -Xlog:disable -javaagent:c:\Users\Bruno\.vscode\extensions\redhat.java-1.32.0-win32-x64\lombok\lombok-1.18.33.jar 
java_command: c:\Users\Bruno\.vscode\extensions\redhat.java-1.32.0-win32-x64\server\plugins\org.eclipse.equinox.launcher_1.6.900.v20240613-2009.jar -configuration c:\Users\Bruno\AppData\Roaming\Code\User\globalStorage\redhat.java\1.32.0\config_ss_win -data c:\Users\Bruno\AppData\Roaming\Code\User\workspaceStorage\9de7f112ec75f322c23137c1f8930694\redhat.java\ss_ws --pipe=\\.\pipe\lsp-0ef1a558efe5e06ea0f4fa39b4004307-sock
java_class_path (initial): c:\Users\Bruno\.vscode\extensions\redhat.java-1.32.0-win32-x64\server\plugins\org.eclipse.equinox.launcher_1.6.900.v20240613-2009.jar
Launcher Type: SUN_STANDARD

[Global flags]
    uintx AdaptiveSizePolicyWeight                 = 90                                        {product} {command line}
     intx CICompilerCount                          = 2                                         {product} {ergonomic}
    uintx GCTimeRatio                              = 4                                         {product} {command line}
   size_t InitialHeapSize                          = 104857600                                 {product} {command line}
   size_t MaxHeapSize                              = 1073741824                                {product} {command line}
   size_t MaxNewSize                               = 357564416                                 {product} {ergonomic}
   size_t MinHeapDeltaBytes                        = 524288                                    {product} {ergonomic}
   size_t MinHeapSize                              = 104857600                                 {product} {command line}
   size_t NewSize                                  = 34603008                                  {product} {ergonomic}
    uintx NonNMethodCodeHeapSize                   = 5826188                                {pd product} {ergonomic}
    uintx NonProfiledCodeHeapSize                  = 122916026                              {pd product} {ergonomic}
   size_t OldSize                                  = 70254592                                  {product} {ergonomic}
    uintx ProfiledCodeHeapSize                     = 122916026                              {pd product} {ergonomic}
    uintx ReservedCodeCacheSize                    = 251658240                              {pd product} {ergonomic}
     bool SegmentedCodeCache                       = true                                      {product} {ergonomic}
   size_t SoftMaxHeapSize                          = 1073741824                             {manageable} {ergonomic}
     bool UseCompressedClassPointers               = true                           {product lp64_product} {ergonomic}
     bool UseCompressedOops                        = true                           {product lp64_product} {ergonomic}
     bool UseLargePagesIndividualAllocation        = false                                  {pd product} {ergonomic}
     bool UseParallelGC                            = true                                      {product} {command line}

Logging:
Log output configuration:
 #0: stdout all=off uptime,level,tags
 #1: stderr all=off uptime,level,tags

Environment Variables:
JAVA_HOME=D:\Programas\Java\jdk-17
PATH=D:\Programas\Java\jdk-17\bin;C:\Program Files\Common Files\Oracle\Java\javapath;C:\Program Files\Eclipse Adoptium\jre-8.0.372.7-hotspot\bin;C:\Program Files\Eclipse Adoptium\jdk-11.0.19.7-hotspot\bin;C:\Program Files (x86)\NVIDIA Corporation\PhysX\Common;C:\Program Files\AdoptOpenJDK\jre-11.0.10.9-hotspot\bin;C:\Program Files (x86)\AdoptOpenJDK\jre-8.0.282.8-hotspot\bin;C:\WINDOWS\system32;C:\WINDOWS;C:\WINDOWS\System32\Wbem;C:\WINDOWS\System32\WindowsPowerShell\v1.0\;C:\WINDOWS\System32\OpenSSH\;C:\Program Files\Microsoft SQL Server\120\Tools\Binn\;C:\Program Files (x86)\Windows Kits\8.1\Windows Performance Toolkit\;C:\Program Files\Common Files\Autodesk Shared\;C:\Program Files\Microsoft SQL Server\Client SDK\ODBC\110\Tools\Binn\;C:\Program Files (x86)\Microsoft SQL Server\120\Tools\Binn\;C:\Program Files\Microsoft SQL Server\120\DTS\Binn\;C:\Program Files\dotnet\;D:\Git\cmd;D:\Programas\;D:\Programas\Java\jdk-17\bin;C:\Users\Bruno\AppData\Local\Programs\Python\Python39\Scripts\;C:\Users\Bruno\AppData\Local\Programs\Python\Python39\;C:\Users\Bruno\AppData\Local\Microsoft\WindowsApps;D:\Programas\Microsoft VS Code\bin;C:\Users\Bruno\.dotnet\tools;C:\Users\Bruno\AppData\Roaming\npm
USERNAME=Bruno
OS=Windows_NT
PROCESSOR_IDENTIFIER=AMD64 Family 21 Model 96 Stepping 1, AuthenticAMD
TMP=C:\Users\Bruno\AppData\Local\Temp
TEMP=C:\Users\Bruno\AppData\Local\Temp



Periodic native trim disabled


---------------  S Y S T E M  ---------------

OS:
 Windows 10 , 64 bit Build 19041 (10.0.19041.4597)
OS uptime: 0 days 5:31 hours

CPU: total 2 (initial active 2) (2 cores per cpu, 1 threads per core) family 21 model 96 stepping 1 microcode 0x0, cx8, cmov, fxsr, mmx, 3dnowpref, sse, sse2, sse3, ssse3, sse4a, sse4.1, sse4.2, popcnt, lzcnt, tsc, tscinvbit, avx, avx2, aes, clmul, bmi1, bmi2, fma, vzeroupper, clflush
Processor Information for all 2 processors :
  Max Mhz: 3500, Current Mhz: 3500, Mhz Limit: 3500

Memory: 4k page, system-wide physical 7641M (1735M free)
TotalPageFile size 7641M (AvailPageFile size 2M)
current process WorkingSet (physical memory assigned to process): 176M, peak: 201M
current process commit charge ("private bytes"): 236M, peak: 263M

vm_info: OpenJDK 64-Bit Server VM (17.0.11+9) for windows-amd64 JRE (17.0.11+9), built on Apr 17 2024 06:07:48 by "admin" with MS VC++ 16.10 / 16.11 (VS2019)

END.
